19/07/26 01:23:06 INFO  >  01 .MainControl dataBase Taroko connect success, timeOut[2min]
19/07/26 01:23:06 INFO  >  02 .Connect DB OK 
19/07/26 01:23:06 DEBUG >  03 EcsLogin.showScreen started
19/07/26 01:23:06 DEBUG >  04 EcsLogin.showScreen ended
19/07/26 01:23:06 INFO  >  05 EcsLogin.ENDED TIME : 2.732

19/07/26 01:23:11 INFO  >  01 .MainControl dataBase Taroko connect success, timeOut[2min]
19/07/26 01:23:11 INFO  >  02 .Connect DB OK 
19/07/26 01:23:11 DEBUG > mega_mainTree:started..menuData=
19/07/26 01:23:11 DEBUG > 0000 04 EcsLogin.mega_initTree started
19/07/26 01:23:11 DEBUG > 0000 05 EcsLogin.select  started
19/07/26 01:23:11 WARN  > 0000 06 EcsLogin.NOT FOUND : select    
19/07/26 01:23:11 INFO  > 0000 07 EcsLogin.ENDED TIME : 0.216

19/07/26 01:23:11 INFO  >  01 .MainControl dataBase Taroko connect success, timeOut[2min]
19/07/26 01:23:11 INFO  >  02 .Connect DB OK 
19/07/26 01:23:11 DEBUG > 0000 03 EcsLogin.firstLink started
19/07/26 01:23:11 DEBUG > 0000 04 EcsLogin.firstLink ended
19/07/26 01:23:11 INFO  > 0000 05 EcsLogin.ENDED TIME : 0.005

19/07/26 01:23:11 INFO  >  01 .MainControl dataBase Taroko connect success, timeOut[2min]
19/07/26 01:23:11 INFO  >  02 .Connect DB OK 
19/07/26 01:23:11 DEBUG > 0000 03 EcsLogin.selectUserData started
19/07/26 01:23:11 INFO  >  01 .MainControl dataBase Taroko connect success, timeOut[2min]
19/07/26 01:23:11 INFO  >  02 .Connect DB OK 
19/07/26 01:23:11 DEBUG > 0000 03 EcsLogin.showScreen started
19/07/26 01:23:11 DEBUG > 0000 04 EcsLogin.showScreen ended
19/07/26 01:23:11 INFO  > 0000 05 EcsLogin.ENDED TIME : 0.026

19/07/26 01:23:11 INFO  > 0000 04 EcsLogin.ENDED TIME : 0.276

19/07/26 01:23:14 INFO  >  01 .MainControl dataBase Taroko connect success, timeOut[2min]
19/07/26 01:23:14 INFO  >  02 .Connect DB OK 
19/07/26 01:23:14 INFO  > 0000 03 Bilq0020.ENDED TIME : 0.337

19/07/26 01:23:14 INFO  >  01 .MainControl dataBase Taroko connect success, timeOut[2min]
19/07/26 01:23:14 INFO  >  02 .Connect DB OK 
19/07/26 01:23:14 INFO  > 0000 03 Bilq0020.ENDED TIME : 0.096

19/07/26 01:23:15 INFO  >  01 .MainControl dataBase Taroko connect success, timeOut[2min]
19/07/26 01:23:15 INFO  >  02 .Connect DB OK 
19/07/26 01:23:15 INFO  > 0000 03 Bilq0060.ENDED TIME : 0.093

19/07/26 01:23:15 INFO  >  01 .MainControl dataBase Taroko connect success, timeOut[2min]
19/07/26 01:23:15 INFO  >  02 .Connect DB OK 
19/07/26 01:23:15 INFO  > 0000 03 Bilq0060.ENDED TIME : 0.07

19/07/26 01:23:16 INFO  >  01 .MainControl dataBase Taroko connect success, timeOut[2min]
19/07/26 01:23:16 INFO  >  02 .Connect DB OK 
19/07/26 01:23:16 INFO  > 0000 03 Bilq0110.ENDED TIME : 0.088

19/07/26 01:23:16 INFO  >  01 .MainControl dataBase Taroko connect success, timeOut[2min]
19/07/26 01:23:16 INFO  >  02 .Connect DB OK 
19/07/26 01:23:16 INFO  > 0000 03 Bilq0110.ENDED TIME : 0.009

19/07/26 01:23:17 INFO  >  01 .MainControl dataBase Taroko connect success, timeOut[2min]
19/07/26 01:23:17 INFO  >  02 .Connect DB OK 
19/07/26 01:23:17 INFO  > 0000 03 Bilq0260.ENDED TIME : 0.046

19/07/26 01:23:17 INFO  >  01 .MainControl dataBase Taroko connect success, timeOut[2min]
19/07/26 01:23:17 INFO  >  02 .Connect DB OK 
19/07/26 01:23:17 INFO  > 0000 03 Bilq0260.ENDED TIME : 0.021

19/07/26 01:23:20 INFO  >  01 .MainControl dataBase Taroko connect success, timeOut[2min]
19/07/26 01:23:20 INFO  >  02 .Connect DB OK 
19/07/26 01:23:20 INFO  > 0000 03 Ccar0030.ENDED TIME : 0.045

19/07/26 01:23:20 INFO  >  01 .MainControl dataBase Taroko connect success, timeOut[2min]
19/07/26 01:23:20 INFO  >  02 .Connect DB OK 
19/07/26 01:23:20 INFO  > 0000 03 Ccar0030.ENDED TIME : 0.023

19/07/26 01:23:21 INFO  >  01 .MainControl dataBase Taroko connect success, timeOut[2min]
19/07/26 01:23:21 INFO  >  02 .Connect DB OK 
19/07/26 01:23:21 INFO  > 0000 03 Ccar0080.ENDED TIME : 0.04

19/07/26 01:23:21 INFO  >  01 .MainControl dataBase Taroko connect success, timeOut[2min]
19/07/26 01:23:21 INFO  >  02 .Connect DB OK 
19/07/26 01:23:21 INFO  > 0000 03 Ccar0080.ENDED TIME : 0.008

19/07/26 01:23:22 INFO  >  01 .MainControl dataBase Taroko connect success, timeOut[2min]
19/07/26 01:23:22 INFO  >  02 .Connect DB OK 
19/07/26 01:23:22 INFO  > 0000 03 Ccar0130.ENDED TIME : 0.043

19/07/26 01:23:22 INFO  >  01 .MainControl dataBase Taroko connect success, timeOut[2min]
19/07/26 01:23:22 INFO  >  02 .Connect DB OK 
19/07/26 01:23:22 INFO  > 0000 03 Ccar0130.ENDED TIME : 0.005

19/07/26 01:23:24 INFO  >  01 .MainControl dataBase Taroko connect success, timeOut[2min]
19/07/26 01:23:24 INFO  >  02 .Connect DB OK 
19/07/26 01:23:24 INFO  > 0000 03 Ccar0140.ENDED TIME : 0.033

19/07/26 01:23:24 INFO  >  01 .MainControl dataBase Taroko connect success, timeOut[2min]
19/07/26 01:23:24 INFO  >  02 .Connect DB OK 
19/07/26 01:23:24 INFO  > 0000 03 Ccar0140.ENDED TIME : 0.006

19/07/26 01:23:25 INFO  >  01 .MainControl dataBase Taroko connect success, timeOut[2min]
19/07/26 01:23:25 INFO  >  02 .Connect DB OK 
19/07/26 01:23:25 INFO  > 0000 03 Ccar0150.ENDED TIME : 0.032

19/07/26 01:23:25 INFO  >  01 .MainControl dataBase Taroko connect success, timeOut[2min]
19/07/26 01:23:25 INFO  >  02 .Connect DB OK 
19/07/26 01:23:25 INFO  > 0000 03 Ccar0150.ENDED TIME : 0.011

19/07/26 01:23:26 INFO  >  01 .MainControl dataBase Taroko connect success, timeOut[2min]
19/07/26 01:23:26 INFO  >  02 .Connect DB OK 
19/07/26 01:23:26 INFO  > 0000 03 Ccar0140.ENDED TIME : 0.028

19/07/26 01:23:26 INFO  >  01 .MainControl dataBase Taroko connect success, timeOut[2min]
19/07/26 01:23:26 INFO  >  02 .Connect DB OK 
19/07/26 01:23:26 INFO  > 0000 03 Ccar0140.ENDED TIME : 0.003

19/07/26 01:23:27 INFO  >  01 .MainControl dataBase Taroko connect success, timeOut[2min]
19/07/26 01:23:27 INFO  >  02 .Connect DB OK 
19/07/26 01:23:27 INFO  > 0000 03 Bilq0060.ENDED TIME : 0.034

19/07/26 01:23:27 INFO  >  01 .MainControl dataBase Taroko connect success, timeOut[2min]
19/07/26 01:23:27 INFO  >  02 .Connect DB OK 
19/07/26 01:23:27 INFO  > 0000 03 Bilq0060.ENDED TIME : 0.007

19/07/26 01:23:29 INFO  >  01 .MainControl dataBase Taroko connect success, timeOut[2min]
19/07/26 01:23:29 INFO  >  02 .Connect DB OK 
19/07/26 01:23:29 INFO  > 0000 03 Ccam1020.ENDED TIME : 0.029

19/07/26 01:23:29 INFO  >  01 .MainControl dataBase Taroko connect success, timeOut[2min]
19/07/26 01:23:29 INFO  >  02 .Connect DB OK 
19/07/26 01:23:29 INFO  > 0000 03 Ccam1020.ENDED TIME : 0.032

19/07/26 01:23:29 INFO  >  01 .MainControl dataBase Taroko connect success, timeOut[2min]
19/07/26 01:23:29 INFO  >  02 .Connect DB OK 
19/07/26 01:23:29 INFO  > 0000 03 Ccam2011.ENDED TIME : 0.034

19/07/26 01:23:29 INFO  >  01 .MainControl dataBase Taroko connect success, timeOut[2min]
19/07/26 01:23:29 INFO  >  02 .Connect DB OK 
19/07/26 01:23:29 INFO  > 0000 03 Ccam2011.ENDED TIME : 0.019

19/07/26 01:24:24 INFO  >  01 .MainControl dataBase Taroko connect success, timeOut[2min]
19/07/26 01:24:24 INFO  >  02 .Connect DB OK 
19/07/26 01:24:24 DEBUG > 0000 03 TarokoApplControl.logout started
19/07/26 01:24:24 INFO  > 0000 04 TarokoApplControl.ENDED TIME : 0.008

19/07/26 01:24:28 INFO  >  01 .MainControl dataBase Taroko connect success, timeOut[2min]
19/07/26 01:24:28 INFO  >  02 .Connect DB OK 
19/07/26 01:24:28 DEBUG >  03 EcsLogin.showScreen started
19/07/26 01:24:28 DEBUG >  04 EcsLogin.showScreen ended
19/07/26 01:24:28 INFO  >  05 EcsLogin.ENDED TIME : 0.018

19/07/26 01:24:32 INFO  >  01 .MainControl dataBase Taroko connect success, timeOut[2min]
19/07/26 01:24:32 INFO  >  02 .Connect DB OK 
19/07/26 01:24:32 DEBUG > mega_mainTree:started..menuData=
19/07/26 01:24:32 DEBUG > 0000 04 EcsLogin.mega_initTree started
19/07/26 01:24:32 DEBUG > 0000 05 EcsLogin.select  started
19/07/26 01:24:32 WARN  > 0000 06 EcsLogin.NOT FOUND : select    
19/07/26 01:24:32 INFO  > 0000 07 EcsLogin.ENDED TIME : 0.032

19/07/26 01:24:32 INFO  >  01 .MainControl dataBase Taroko connect success, timeOut[2min]
19/07/26 01:24:32 INFO  >  02 .Connect DB OK 
19/07/26 01:24:32 DEBUG > 0000 03 EcsLogin.selectUserData started
19/07/26 01:24:32 INFO  >  01 .MainControl dataBase Taroko connect success, timeOut[2min]
19/07/26 01:24:32 INFO  >  02 .Connect DB OK 
19/07/26 01:24:32 DEBUG > 0000 03 EcsLogin.firstLink started
19/07/26 01:24:32 DEBUG > 0000 04 EcsLogin.firstLink ended
19/07/26 01:24:32 INFO  > 0000 05 EcsLogin.ENDED TIME : 0.002

19/07/26 01:24:32 INFO  >  01 .MainControl dataBase Taroko connect success, timeOut[2min]
19/07/26 01:24:32 INFO  >  02 .Connect DB OK 
19/07/26 01:24:32 DEBUG > 0000 03 EcsLogin.showScreen started
19/07/26 01:24:32 DEBUG > 0000 04 EcsLogin.showScreen ended
19/07/26 01:24:32 INFO  > 0000 05 EcsLogin.ENDED TIME : 0.003

19/07/26 01:24:32 INFO  > 0000 04 EcsLogin.ENDED TIME : 0.112

19/07/26 01:24:58 INFO  >  01 .MainControl dataBase Taroko connect success, timeOut[2min]
19/07/26 01:24:58 INFO  >  02 .Connect DB OK 
19/07/26 01:24:58 INFO  > 0000 03 Bilr0012.ENDED TIME : 0.039

19/07/26 01:24:58 INFO  >  01 .MainControl dataBase Taroko connect success, timeOut[2min]
19/07/26 01:24:58 INFO  >  02 .Connect DB OK 
19/07/26 01:24:58 INFO  > 0000 03 Bilr0012.ENDED TIME : 0.082

19/07/26 01:24:59 INFO  >  01 .MainControl dataBase Taroko connect success, timeOut[2min]
19/07/26 01:24:59 INFO  >  02 .Connect DB OK 
19/07/26 01:24:59 INFO  > 0000 03 Bilr0052.ENDED TIME : 0.042

19/07/26 01:24:59 INFO  >  01 .MainControl dataBase Taroko connect success, timeOut[2min]
19/07/26 01:24:59 INFO  >  02 .Connect DB OK 
19/07/26 01:24:59 INFO  > 0000 03 Bilr0052.ENDED TIME : 0.012

19/07/26 01:25:00 INFO  >  01 .MainControl dataBase Taroko connect success, timeOut[2min]
19/07/26 01:25:00 INFO  >  02 .Connect DB OK 
19/07/26 01:25:00 INFO  > 0000 03 Actq0050.ENDED TIME : 0.047

19/07/26 01:25:01 INFO  >  01 .MainControl dataBase Taroko connect success, timeOut[2min]
19/07/26 01:25:01 INFO  >  02 .Connect DB OK 
19/07/26 01:25:01 INFO  > 0000 03 Actq0050.ENDED TIME : 0.012

19/07/26 01:25:01 INFO  >  01 .MainControl dataBase Taroko connect success, timeOut[2min]
19/07/26 01:25:01 INFO  >  02 .Connect DB OK 
19/07/26 01:25:01 INFO  > 0000 03 Actq0080.ENDED TIME : 0.04

19/07/26 01:25:01 INFO  >  01 .MainControl dataBase Taroko connect success, timeOut[2min]
19/07/26 01:25:01 INFO  >  02 .Connect DB OK 
19/07/26 01:25:01 INFO  > 0000 03 Actq0080.ENDED TIME : 0.01

19/07/26 01:25:02 INFO  >  01 .MainControl dataBase Taroko connect success, timeOut[2min]
19/07/26 01:25:02 INFO  >  02 .Connect DB OK 
19/07/26 01:25:02 INFO  > 0000 03 Actq0160.ENDED TIME : 0.031

19/07/26 01:25:02 INFO  >  01 .MainControl dataBase Taroko connect success, timeOut[2min]
19/07/26 01:25:02 INFO  >  02 .Connect DB OK 
19/07/26 01:25:02 INFO  > 0000 03 Actq0160.ENDED TIME : 0.06

19/07/26 01:25:04 INFO  >  01 .MainControl dataBase Taroko connect success, timeOut[2min]
19/07/26 01:25:04 INFO  >  02 .Connect DB OK 
19/07/26 01:25:04 DEBUG > 0000 03 TarokoApplControl.logout started
19/07/26 01:25:04 INFO  > 0000 04 TarokoApplControl.ENDED TIME : 0.004

19/07/26 01:47:03 INFO  >  01 .MainControl dataBase Taroko connect success, timeOut[2min]
19/07/26 01:47:03 INFO  >  02 .Connect DB OK 
19/07/26 01:47:03 DEBUG >  03 EcsLogin.showScreen started
19/07/26 01:47:03 DEBUG >  04 EcsLogin.showScreen ended
19/07/26 01:47:03 INFO  >  05 EcsLogin.ENDED TIME : 0.009

19/07/26 01:47:07 INFO  >  01 .MainControl dataBase Taroko connect success, timeOut[2min]
19/07/26 01:47:07 INFO  >  02 .Connect DB OK 
19/07/26 01:47:07 DEBUG > mega_mainTree:started..menuData=
19/07/26 01:47:07 DEBUG > 0000 04 EcsLogin.mega_initTree started
19/07/26 01:47:07 DEBUG > 0000 05 EcsLogin.select  started
19/07/26 01:47:07 WARN  > 0000 06 EcsLogin.NOT FOUND : select    
19/07/26 01:47:07 INFO  > 0000 07 EcsLogin.ENDED TIME : 0.032

19/07/26 01:47:07 INFO  >  01 .MainControl dataBase Taroko connect success, timeOut[2min]
19/07/26 01:47:07 INFO  >  02 .Connect DB OK 
19/07/26 01:47:07 DEBUG > 0000 03 EcsLogin.selectUserData started
19/07/26 01:47:07 INFO  >  01 .MainControl dataBase Taroko connect success, timeOut[2min]
19/07/26 01:47:07 INFO  >  02 .Connect DB OK 
19/07/26 01:47:07 DEBUG > 0000 03 EcsLogin.firstLink started
19/07/26 01:47:07 DEBUG > 0000 04 EcsLogin.firstLink ended
19/07/26 01:47:07 INFO  > 0000 05 EcsLogin.ENDED TIME : 0.005

19/07/26 01:47:07 INFO  >  01 .MainControl dataBase Taroko connect success, timeOut[2min]
19/07/26 01:47:07 INFO  >  02 .Connect DB OK 
19/07/26 01:47:07 DEBUG > 0000 03 EcsLogin.showScreen started
19/07/26 01:47:07 DEBUG > 0000 04 EcsLogin.showScreen ended
19/07/26 01:47:07 INFO  > 0000 05 EcsLogin.ENDED TIME : 0.007

19/07/26 01:47:07 INFO  > 0000 04 EcsLogin.ENDED TIME : 0.127

19/07/26 01:47:10 INFO  >  01 .MainControl dataBase Taroko connect success, timeOut[2min]
19/07/26 01:47:10 INFO  >  02 .Connect DB OK 
19/07/26 01:47:10 INFO  > 0000 03 Cmsm3150.ENDED TIME : 0.035

19/07/26 01:47:10 INFO  >  01 .MainControl dataBase Taroko connect success, timeOut[2min]
19/07/26 01:47:10 INFO  >  02 .Connect DB OK 
19/07/26 01:47:10 INFO  > 0000 03 Cmsm3150.ENDED TIME : 0.01

19/07/26 01:47:12 INFO  >  01 .MainControl dataBase Taroko connect success, timeOut[2min]
19/07/26 01:47:12 INFO  >  02 .Connect DB OK 
19/07/26 01:47:12 INFO  > 0000 03 Cmsm4020.ENDED TIME : 0.032

19/07/26 01:47:12 INFO  >  01 .MainControl dataBase Taroko connect success, timeOut[2min]
19/07/26 01:47:12 INFO  >  02 .Connect DB OK 
19/07/26 01:47:12 INFO  > 0000 03 Cmsm4020.ENDED TIME : 0.051

19/07/26 01:47:13 INFO  >  01 .MainControl dataBase Taroko connect success, timeOut[2min]
19/07/26 01:47:13 INFO  >  02 .Connect DB OK 
19/07/26 01:47:13 INFO  > 0000 03 Cmsm6010.ENDED TIME : 0.062

19/07/26 01:47:13 INFO  >  01 .MainControl dataBase Taroko connect success, timeOut[2min]
19/07/26 01:47:13 INFO  >  02 .Connect DB OK 
19/07/26 01:47:13 INFO  > 0000 03 Cmsm6010.ENDED TIME : 0.029

19/07/26 01:47:14 INFO  >  01 .MainControl dataBase Taroko connect success, timeOut[2min]
19/07/26 01:47:14 INFO  >  02 .Connect DB OK 
19/07/26 01:47:14 INFO  > 0000 03 Cmsm6010.ENDED TIME : 0.028

19/07/26 01:47:14 INFO  >  01 .MainControl dataBase Taroko connect success, timeOut[2min]
19/07/26 01:47:14 INFO  >  02 .Connect DB OK 
19/07/26 01:47:14 INFO  > 0000 03 Cmsm6010.ENDED TIME : 0.006

19/07/26 01:47:14 INFO  >  01 .MainControl dataBase Taroko connect success, timeOut[2min]
19/07/26 01:47:14 INFO  >  02 .Connect DB OK 
19/07/26 01:47:14 INFO  > 0000 03 Cmsm6015.ENDED TIME : 0.042

19/07/26 01:47:15 INFO  >  01 .MainControl dataBase Taroko connect success, timeOut[2min]
19/07/26 01:47:15 INFO  >  02 .Connect DB OK 
19/07/26 01:47:15 INFO  > 0000 03 Cmsm6015.ENDED TIME : 0.019

19/07/26 01:47:15 INFO  >  01 .MainControl dataBase Taroko connect success, timeOut[2min]
19/07/26 01:47:15 INFO  >  02 .Connect DB OK 
19/07/26 01:47:15 INFO  > 0000 03 Cmsm6021.ENDED TIME : 0.054

19/07/26 01:47:15 INFO  >  01 .MainControl dataBase Taroko connect success, timeOut[2min]
19/07/26 01:47:15 INFO  >  02 .Connect DB OK 
19/07/26 01:47:15 INFO  > 0000 03 Cmsm6021.ENDED TIME : 0.006

19/07/26 01:47:16 INFO  >  01 .MainControl dataBase Taroko connect success, timeOut[2min]
19/07/26 01:47:16 INFO  >  02 .Connect DB OK 
19/07/26 01:47:16 INFO  > 0000 03 Cmsm6060.ENDED TIME : 0.053

19/07/26 01:47:16 INFO  >  01 .MainControl dataBase Taroko connect success, timeOut[2min]
19/07/26 01:47:16 INFO  >  02 .Connect DB OK 
19/07/26 01:47:16 INFO  > 0000 03 Cmsm6060.ENDED TIME : 0.009

19/07/26 01:47:18 INFO  >  01 .MainControl dataBase Taroko connect success, timeOut[2min]
19/07/26 01:47:18 INFO  >  02 .Connect DB OK 
19/07/26 01:47:18 DEBUG > -DDD->sql=select  proc_dept_no ,  dept_name, dept_code, mod_seqno,hex(rowid) as rowid from cms_proc_dept  where 1=1   order by proc_dept_no ASC 
19/07/26 01:47:18 DEBUG > 0000 04 Cmsm6060.select CMS_PROC_DEPT started
19/07/26 01:47:18 INFO  > 0000 05 Cmsm6060.0000 >>>>>SELECT  proc_dept_no ,  dept_name, dept_code, mod_seqno,hex(rowid) as rowid FROM cms_proc_dept  where 1=1   order by proc_dept_no ASC 
19/07/26 01:47:18 INFO  > 0000 06 Cmsm6060.ENDED TIME : 0.033

19/07/26 01:47:22 INFO  >  01 .MainControl dataBase Taroko connect success, timeOut[2min]
19/07/26 01:47:22 INFO  >  02 .Connect DB OK 
19/07/26 01:47:22 INFO  > 0000 03 Cmsm6040.ENDED TIME : 0.031

19/07/26 01:47:22 INFO  >  01 .MainControl dataBase Taroko connect success, timeOut[2min]
19/07/26 01:47:22 INFO  >  02 .Connect DB OK 
19/07/26 01:47:22 INFO  > 0000 03 Cmsm6040.ENDED TIME : 0.039

19/07/26 01:47:23 INFO  >  01 .MainControl dataBase Taroko connect success, timeOut[2min]
19/07/26 01:47:23 INFO  >  02 .Connect DB OK 
19/07/26 01:47:23 INFO  > 0000 03 Cmsm6030.ENDED TIME : 0.032

19/07/26 01:47:23 INFO  >  01 .MainControl dataBase Taroko connect success, timeOut[2min]
19/07/26 01:47:23 INFO  >  02 .Connect DB OK 
19/07/26 01:47:23 INFO  > 0000 03 Cmsm6030.ENDED TIME : 0.032

19/07/26 01:47:27 INFO  >  01 .MainControl dataBase Taroko connect success, timeOut[2min]
19/07/26 01:47:27 INFO  >  02 .Connect DB OK 
19/07/26 01:47:28 INFO  > 0000 03 Colm5810.ENDED TIME : 0.035

19/07/26 01:47:28 INFO  >  01 .MainControl dataBase Taroko connect success, timeOut[2min]
19/07/26 01:47:28 INFO  >  02 .Connect DB OK 
19/07/26 01:47:28 INFO  > 0000 03 Colm5810.ENDED TIME : 0.007

19/07/26 01:47:29 INFO  >  01 .MainControl dataBase Taroko connect success, timeOut[2min]
19/07/26 01:47:29 INFO  >  02 .Connect DB OK 
19/07/26 01:47:29 DEBUG > 0000 03 Colm5810.select PTR_BLOCKPARAM started
19/07/26 01:47:29 INFO  > 0000 04 Colm5810.0000 >>>>>SELECT acct_type,   valid_date, apr_flag,pause_flag,exec_mode,exec_cycle_nday,mcode_value1,debt_amt1,mcode_value2,debt_amt2,mcode_value3,exec_date FROM ptr_blockparam  where param_type='1' and exec_mode='2'  order by acct_type , valid_date  limit 0 , 20
19/07/26 01:47:29 INFO  > 0000 05 Colm5810.ENDED TIME : 0.069

19/07/26 01:47:30 INFO  >  01 .MainControl dataBase Taroko connect success, timeOut[2min]
19/07/26 01:47:30 INFO  >  02 .Connect DB OK 
19/07/26 01:47:30 DEBUG > -DDD->sql=select hex(rowid) as rowid, mod_seqno, acct_type,   valid_date, apr_flag, exec_mode,exec_day,exec_cycle_nday,exec_date,n0_month,n1_cycle,mcode_value1,debt_amt1,mcode_value2,debt_amt2,mcode_value3,debt_amt3,mcode_value4,debt_amt4,pause_flag,exec_flag_m1,exec_flag_m2,exec_flag_m3,debt_fee3,exec_flag_m14,mcode_value14,debt_amt14,block_reason14,exec_flag_m24,mcode_value24,debt_amt24,block_reason24,exec_flag_m34,mcode_value34,debt_amt34,debt_fee34,block_reason34,rowid,mod_user,mod_time,mod_pgm,mod_seqno from ptr_blockparam where 1=1 and param_type = '1' and acct_type = '01' and valid_date = '20090504' and exec_mode = '2' 
19/07/26 01:47:30 INFO  > 0000 04 Colm5810.0000 >>>>>SELECT hex(rowid) as rowid, mod_seqno, acct_type,   valid_date, apr_flag, exec_mode,exec_day,exec_cycle_nday,exec_date,n0_month,n1_cycle,mcode_value1,debt_amt1,mcode_value2,debt_amt2,mcode_value3,debt_amt3,mcode_value4,debt_amt4,pause_flag,exec_flag_m1,exec_flag_m2,exec_flag_m3,debt_fee3,exec_flag_m14,mcode_value14,debt_amt14,block_reason14,exec_flag_m24,mcode_value24,debt_amt24,block_reason24,exec_flag_m34,mcode_value34,debt_amt34,debt_fee34,block_reason34,rowid,mod_user,mod_time,mod_pgm,mod_seqno FROM ptr_blockparam where 1=1 and param_type = '1' and acct_type = '01' and valid_date = '20090504' and exec_mode = '2'
19/07/26 01:47:30 INFO  > 0000 05 Colm5810.0000 >>>>>SELECT  A.*, hex(rowid) as rowid FROM ptr_blockparam A where 1=1 and A.param_type = '1' and A.acct_type = '01' and A.valid_date = '20090504' and A.exec_mode = '1'
19/07/26 01:47:30 INFO  > 0000 06 Colm5810.ENDED TIME : 0.045

19/07/26 01:47:33 INFO  >  01 .MainControl dataBase Taroko connect success, timeOut[2min]
19/07/26 01:47:33 INFO  >  02 .Connect DB OK 
19/07/26 01:47:33 INFO  > 0000 03 Colm5817.ENDED TIME : 0.039

19/07/26 01:47:33 INFO  >  01 .MainControl dataBase Taroko connect success, timeOut[2min]
19/07/26 01:47:33 INFO  >  02 .Connect DB OK 
19/07/26 01:47:33 INFO  > 0000 03 Colm5817.ENDED TIME : 0.008

19/07/26 01:47:35 INFO  >  01 .MainControl dataBase Taroko connect success, timeOut[2min]
19/07/26 01:47:35 INFO  >  02 .Connect DB OK 
19/07/26 01:47:35 DEBUG > 0000 03 Colm5817.select PTR_BLOCKPARAM started
19/07/26 01:47:35 INFO  > 0000 04 Colm5817.0000 >>>>>SELECT acct_type,   valid_date, apr_flag,pause_flag,exec_mode,mcode_value1,debt_amt2,mcode_value2,debt_amt3,mcode_value3,exec_date FROM ptr_blockparam  where param_type='4' and exec_mode='3'  order by acct_type, apr_flag , valid_date desc  limit 0 , 20
19/07/26 01:47:35 INFO  > 0000 05 Colm5817.ENDED TIME : 0.028

19/07/26 01:47:37 INFO  >  01 .MainControl dataBase Taroko connect success, timeOut[2min]
19/07/26 01:47:37 INFO  >  02 .Connect DB OK 
19/07/26 01:47:37 DEBUG > -DDD->sql=select hex(rowid) as rowid, mod_seqno, param_type,   valid_date, apr_flag, exec_mode,exec_date,acct_type,mcode_value1,mcode_value2,debt_amt2,mcode_value3,debt_amt3,pause_flag,mod_user,to_char(mod_time,'yyyymmdd') as mod_date  from ptr_blockparam where 1=1 and param_type = '4' and acct_type = '02' and valid_date = '20070624' and exec_mode = '3' 
19/07/26 01:47:37 INFO  > 0000 04 Colm5817.0000 >>>>>SELECT hex(rowid) as rowid, mod_seqno, param_type,   valid_date, apr_flag, exec_mode,exec_date,acct_type,mcode_value1,mcode_value2,debt_amt2,mcode_value3,debt_amt3,pause_flag,mod_user,to_char(mod_time,'yyyymmdd') as mod_date  FROM ptr_blockparam where 1=1 and param_type = '4' and acct_type = '02' and valid_date = '20070624' and exec_mode = '3'
19/07/26 01:47:37 INFO  > 0000 05 Colm5817.ENDED TIME : 0.016

19/07/26 01:47:41 INFO  >  01 .MainControl dataBase Taroko connect success, timeOut[2min]
19/07/26 01:47:41 INFO  >  02 .Connect DB OK 
19/07/26 01:47:41 INFO  > 0000 03 Colm5812.ENDED TIME : 0.03

19/07/26 01:47:41 INFO  >  01 .MainControl dataBase Taroko connect success, timeOut[2min]
19/07/26 01:47:41 INFO  >  02 .Connect DB OK 
19/07/26 01:47:41 INFO  > 0000 03 Colm5812.ENDED TIME : 0.015

19/07/26 01:47:42 INFO  >  01 .MainControl dataBase Taroko connect success, timeOut[2min]
19/07/26 01:47:42 INFO  >  02 .Connect DB OK 
19/07/26 01:47:42 DEBUG > -DDD->sql=select  param_type ,  valid_date ,  apr_flag ,  exec_mode ,  exec_day ,  exec_cycle_nday ,  exec_date ,  acct_type ,  mcode_value1 ,  debt_amt1 ,  mcode_value2 ,  debt_amt2 ,  mcode_value3 ,  debt_amt3 ,  pause_flag  from  ptr_blockparam   where 1=1 and param_type ='3'  and acct_type in ('02','03')  order by acct_type, apr_flag, valid_date Desc 
19/07/26 01:47:42 DEBUG > 0000 04 Colm5812.select  PTR_BLOCKPARAM  started
19/07/26 01:47:42 INFO  > 0000 05 Colm5812.0000 >>>>>SELECT  param_type ,  valid_date ,  apr_flag ,  exec_mode ,  exec_day ,  exec_cycle_nday ,  exec_date ,  acct_type ,  mcode_value1 ,  debt_amt1 ,  mcode_value2 ,  debt_amt2 ,  mcode_value3 ,  debt_amt3 ,  pause_flag  FROM  ptr_blockparam   where 1=1 and param_type ='3'  and acct_type in ('02','03')  order by acct_type, apr_flag, valid_date Desc  limit 0 , 20
19/07/26 01:47:42 INFO  > 0000 06 Colm5812.ENDED TIME : 0.027

19/07/26 01:47:43 INFO  >  01 .MainControl dataBase Taroko connect success, timeOut[2min]
19/07/26 01:47:43 INFO  >  02 .Connect DB OK 
19/07/26 01:47:43 INFO  > 0000 03 Colm5812.0000 >>>>>SELECT  hex(rowid) as rowid , param_type , acct_type , valid_date , apr_flag , exec_mode , exec_day , exec_cycle_nday , exec_date , n0_month , n1_cycle , mcode_value1 , debt_amt1 , mcode_value2 , debt_amt2 , mcode_value3 , debt_amt3 , mcode_value4 , debt_amt4 , pause_flag , exec_flag_m1 , exec_flag_m2 , exec_flag_m3 , debt_fee3 , mod_user , mod_time , mod_pgm , mod_seqno , to_char(mod_time,'yyyymmdd') as mod_date ,  apr_user ,  apr_date   FROM  ptr_blockparam   where 1=1  and param_type ='3'  and exec_mode ='2'  and acct_type = '02' and valid_date = '20070624'
19/07/26 01:47:43 INFO  > 0000 04 Colm5812.ENDED TIME : 0.026

19/07/26 01:47:45 INFO  >  01 .MainControl dataBase Taroko connect success, timeOut[2min]
19/07/26 01:47:45 INFO  >  02 .Connect DB OK 
19/07/26 01:47:45 DEBUG > 0000 03 TarokoApplControl.logout started
19/07/26 01:47:45 INFO  > 0000 04 TarokoApplControl.ENDED TIME : 0.006

19/07/26 01:52:12 INFO  >  01 .MainControl dataBase Taroko connect success, timeOut[2min]
19/07/26 01:52:12 INFO  >  02 .Connect DB OK 
19/07/26 01:52:12 DEBUG >  03 EcsLogin.showScreen started
19/07/26 01:52:12 DEBUG >  04 EcsLogin.showScreen ended
19/07/26 01:52:12 INFO  >  05 EcsLogin.ENDED TIME : 0.007

19/07/26 01:52:17 INFO  >  01 .MainControl dataBase Taroko connect success, timeOut[2min]
19/07/26 01:52:17 INFO  >  02 .Connect DB OK 
19/07/26 01:52:17 DEBUG > mega_mainTree:started..menuData=
19/07/26 01:52:17 DEBUG > 0000 04 EcsLogin.mega_initTree started
19/07/26 01:52:17 DEBUG > 0000 05 EcsLogin.select  started
19/07/26 01:52:17 WARN  > 0000 06 EcsLogin.NOT FOUND : select    
19/07/26 01:52:17 INFO  > 0000 07 EcsLogin.ENDED TIME : 0.02

19/07/26 01:52:17 INFO  >  01 .MainControl dataBase Taroko connect success, timeOut[2min]
19/07/26 01:52:17 INFO  >  02 .Connect DB OK 
19/07/26 01:52:17 DEBUG > 0000 03 EcsLogin.selectUserData started
19/07/26 01:52:17 INFO  >  01 .MainControl dataBase Taroko connect success, timeOut[2min]
19/07/26 01:52:17 INFO  >  02 .Connect DB OK 
19/07/26 01:52:17 DEBUG > 0000 03 EcsLogin.firstLink started
19/07/26 01:52:17 DEBUG > 0000 04 EcsLogin.firstLink ended
19/07/26 01:52:17 INFO  > 0000 05 EcsLogin.ENDED TIME : 0.007

19/07/26 01:52:18 INFO  >  01 .MainControl dataBase Taroko connect success, timeOut[2min]
19/07/26 01:52:18 INFO  >  02 .Connect DB OK 
19/07/26 01:52:18 DEBUG > 0000 03 EcsLogin.showScreen started
19/07/26 01:52:18 DEBUG > 0000 04 EcsLogin.showScreen ended
19/07/26 01:52:18 INFO  > 0000 05 EcsLogin.ENDED TIME : 0.014

19/07/26 01:52:18 INFO  > 0000 04 EcsLogin.ENDED TIME : 0.108

19/07/26 01:52:20 INFO  >  01 .MainControl dataBase Taroko connect success, timeOut[2min]
19/07/26 01:52:20 INFO  >  02 .Connect DB OK 
19/07/26 01:52:20 DEBUG > 0000 03 TarokoApplControl.logout started
19/07/26 01:52:20 INFO  > 0000 04 TarokoApplControl.ENDED TIME : 0.002

19/07/26 01:52:34 INFO  >  01 .MainControl dataBase Taroko connect success, timeOut[2min]
19/07/26 01:52:34 INFO  >  02 .Connect DB OK 
19/07/26 01:52:34 DEBUG >  03 EcsLogin.showScreen started
19/07/26 01:52:34 DEBUG >  04 EcsLogin.showScreen ended
19/07/26 01:52:34 INFO  >  05 EcsLogin.ENDED TIME : 0.004

19/07/26 01:52:39 INFO  >  01 .MainControl dataBase Taroko connect success, timeOut[2min]
19/07/26 01:52:39 INFO  >  02 .Connect DB OK 
19/07/26 01:52:39 DEBUG > mega_mainTree:started..menuData=
19/07/26 01:52:39 DEBUG > 0000 04 EcsLogin.mega_initTree started
19/07/26 01:52:39 DEBUG > 0000 05 EcsLogin.select  started
19/07/26 01:52:39 WARN  > 0000 06 EcsLogin.NOT FOUND : select    
19/07/26 01:52:39 INFO  > 0000 07 EcsLogin.ENDED TIME : 0.02

19/07/26 01:52:39 INFO  >  01 .MainControl dataBase Taroko connect success, timeOut[2min]
19/07/26 01:52:39 INFO  >  02 .Connect DB OK 
19/07/26 01:52:39 DEBUG > 0000 03 EcsLogin.selectUserData started
19/07/26 01:52:39 INFO  >  01 .MainControl dataBase Taroko connect success, timeOut[2min]
19/07/26 01:52:39 INFO  >  02 .Connect DB OK 
19/07/26 01:52:39 DEBUG > 0000 03 EcsLogin.firstLink started
19/07/26 01:52:39 DEBUG > 0000 04 EcsLogin.firstLink ended
19/07/26 01:52:39 INFO  > 0000 05 EcsLogin.ENDED TIME : 0.005

19/07/26 01:52:39 INFO  >  01 .MainControl dataBase Taroko connect success, timeOut[2min]
19/07/26 01:52:39 INFO  >  02 .Connect DB OK 
19/07/26 01:52:39 DEBUG > 0000 03 EcsLogin.showScreen started
19/07/26 01:52:39 DEBUG > 0000 04 EcsLogin.showScreen ended
19/07/26 01:52:39 INFO  > 0000 05 EcsLogin.ENDED TIME : 0.002

19/07/26 01:52:39 INFO  > 0000 04 EcsLogin.ENDED TIME : 0.114

19/07/26 01:52:42 INFO  >  01 .MainControl dataBase Taroko connect success, timeOut[2min]
19/07/26 01:52:42 INFO  >  02 .Connect DB OK 
19/07/26 01:52:42 INFO  > 0000 03 Ccam2011.ENDED TIME : 0.045

19/07/26 01:52:42 INFO  >  01 .MainControl dataBase Taroko connect success, timeOut[2min]
19/07/26 01:52:42 INFO  >  02 .Connect DB OK 
19/07/26 01:52:42 INFO  > 0000 03 Ccam2011.ENDED TIME : 0.008

19/07/26 01:52:43 INFO  >  01 .MainControl dataBase Taroko connect success, timeOut[2min]
19/07/26 01:52:43 INFO  >  02 .Connect DB OK 
19/07/26 01:52:43 INFO  > 0000 03 Ccam2013.ENDED TIME : 0.037

19/07/26 01:52:43 INFO  >  01 .MainControl dataBase Taroko connect success, timeOut[2min]
19/07/26 01:52:43 INFO  >  02 .Connect DB OK 
19/07/26 01:52:43 INFO  > 0000 03 Ccam2013.ENDED TIME : 0.022

19/07/26 01:52:44 INFO  >  01 .MainControl dataBase Taroko connect success, timeOut[2min]
19/07/26 01:52:44 INFO  >  02 .Connect DB OK 
19/07/26 01:52:44 INFO  > 0000 03 Ccam2013.ENDED TIME : 0.008

19/07/26 01:52:49 INFO  >  01 .MainControl dataBase Taroko connect success, timeOut[2min]
19/07/26 01:52:49 INFO  >  02 .Connect DB OK 
19/07/26 01:52:49 INFO  > 0000 03 Colm5730.ENDED TIME : 0.033

19/07/26 01:52:49 INFO  >  01 .MainControl dataBase Taroko connect success, timeOut[2min]
19/07/26 01:52:49 INFO  >  02 .Connect DB OK 
19/07/26 01:52:49 INFO  > 0000 03 Colm5730.ENDED TIME : 0.012

19/07/26 01:52:51 INFO  >  01 .MainControl dataBase Taroko connect success, timeOut[2min]
19/07/26 01:52:51 INFO  >  02 .Connect DB OK 
19/07/26 01:52:51 DEBUG > 0000 03 Colm5730.select RSK_STOPEXEC started
19/07/26 01:52:51 INFO  > 0000 04 Colm5730.0000 >>>>>SELECT param_type, acct_type,valid_date, exec_date,exec_mode,exec_times,exec_msg,exec_date_e,rowid FROM rsk_stopexec  where param_type='1'  order by exec_date Desc  limit 0 , 20
19/07/26 01:52:51 INFO  > 0000 05 Colm5730.ENDED TIME : 0.065

19/07/26 01:52:53 INFO  >  01 .MainControl dataBase Taroko connect success, timeOut[2min]
19/07/26 01:52:53 INFO  >  02 .Connect DB OK 
19/07/26 01:52:53 DEBUG > -DDD->sql=select hex(rowid) as rowid, mod_seqno, param_type,   acct_type, valid_date, exec_date,exec_mode,exec_times,exec_date_s,exec_date_e,t_acct_cnt,t_stop_cnt,t_stopnot1_cnt,t_stopnot2_cnt,t_stopnot3_cnt,t_stopnot4_cnt,t_stopnot5_cnt,t_stopnot6_cnt,exec_msg from rsk_stopexec  where param_type='1' and acct_type = '05' and valid_date = '20030101' and exec_date = '20140411' 
19/07/26 01:52:53 INFO  > 0000 04 Colm5730.0000 >>>>>SELECT hex(rowid) as rowid, mod_seqno, param_type,   acct_type, valid_date, exec_date,exec_mode,exec_times,exec_date_s,exec_date_e,t_acct_cnt,t_stop_cnt,t_stopnot1_cnt,t_stopnot2_cnt,t_stopnot3_cnt,t_stopnot4_cnt,t_stopnot5_cnt,t_stopnot6_cnt,exec_msg FROM rsk_stopexec  where param_type='1' and acct_type = '05' and valid_date = '20030101' and exec_date = '20140411'
19/07/26 01:52:53 INFO  > 0000 05 Colm5730.ENDED TIME : 0.011

19/07/26 01:52:54 INFO  >  01 .MainControl dataBase Taroko connect success, timeOut[2min]
19/07/26 01:52:54 INFO  >  02 .Connect DB OK 
19/07/26 01:52:54 DEBUG > 0000 03 TarokoApplControl.logout started
19/07/26 01:52:54 INFO  > 0000 04 TarokoApplControl.ENDED TIME : 0.004

19/07/26 01:53:35 INFO  >  01 .MainControl dataBase Taroko connect success, timeOut[2min]
19/07/26 01:53:35 INFO  >  02 .Connect DB OK 
19/07/26 01:53:35 DEBUG >  03 EcsLogin.showScreen started
19/07/26 01:53:35 DEBUG >  04 EcsLogin.showScreen ended
19/07/26 01:53:35 INFO  >  05 EcsLogin.ENDED TIME : 0.009

19/07/26 01:53:39 INFO  >  01 .MainControl dataBase Taroko connect success, timeOut[2min]
19/07/26 01:53:39 INFO  >  02 .Connect DB OK 
19/07/26 01:53:39 DEBUG > mega_mainTree:started..menuData=
19/07/26 01:53:39 DEBUG > 0000 04 EcsLogin.mega_initTree started
19/07/26 01:53:39 DEBUG > 0000 05 EcsLogin.select  started
19/07/26 01:53:39 WARN  > 0000 06 EcsLogin.NOT FOUND : select    
19/07/26 01:53:39 INFO  > 0000 07 EcsLogin.ENDED TIME : 0.027

19/07/26 01:53:39 INFO  >  01 .MainControl dataBase Taroko connect success, timeOut[2min]
19/07/26 01:53:39 INFO  >  02 .Connect DB OK 
19/07/26 01:53:39 DEBUG > 0000 03 EcsLogin.selectUserData started
19/07/26 01:53:39 INFO  >  01 .MainControl dataBase Taroko connect success, timeOut[2min]
19/07/26 01:53:39 INFO  >  02 .Connect DB OK 
19/07/26 01:53:39 DEBUG > 0000 03 EcsLogin.firstLink started
19/07/26 01:53:39 DEBUG > 0000 04 EcsLogin.firstLink ended
19/07/26 01:53:39 INFO  > 0000 05 EcsLogin.ENDED TIME : 0.004

19/07/26 01:53:39 INFO  >  01 .MainControl dataBase Taroko connect success, timeOut[2min]
19/07/26 01:53:39 INFO  >  02 .Connect DB OK 
19/07/26 01:53:39 DEBUG > 0000 03 EcsLogin.showScreen started
19/07/26 01:53:39 DEBUG > 0000 04 EcsLogin.showScreen ended
19/07/26 01:53:39 INFO  > 0000 05 EcsLogin.ENDED TIME : 0.003

19/07/26 01:53:39 INFO  > 0000 04 EcsLogin.ENDED TIME : 0.095

19/07/26 01:53:41 INFO  >  01 .MainControl dataBase Taroko connect success, timeOut[2min]
19/07/26 01:53:41 INFO  >  02 .Connect DB OK 
19/07/26 01:53:41 INFO  > 0000 03 Cmsq1110.ENDED TIME : 0.046

19/07/26 01:53:41 INFO  >  01 .MainControl dataBase Taroko connect success, timeOut[2min]
19/07/26 01:53:41 INFO  >  02 .Connect DB OK 
19/07/26 01:53:41 INFO  > 0000 03 Cmsq1110.ENDED TIME : 0.004

19/07/26 01:53:42 INFO  >  01 .MainControl dataBase Taroko connect success, timeOut[2min]
19/07/26 01:53:42 INFO  >  02 .Connect DB OK 
19/07/26 01:53:42 INFO  > 0000 03 Cmsq3220.ENDED TIME : 0.033

19/07/26 01:53:42 INFO  >  01 .MainControl dataBase Taroko connect success, timeOut[2min]
19/07/26 01:53:42 INFO  >  02 .Connect DB OK 
19/07/26 01:53:42 INFO  > 0000 03 Cmsq3220.ENDED TIME : 0.021

19/07/26 01:53:43 INFO  >  01 .MainControl dataBase Taroko connect success, timeOut[2min]
19/07/26 01:53:43 INFO  >  02 .Connect DB OK 
19/07/26 01:53:43 INFO  > 0000 03 Cmsq6010.ENDED TIME : 0.038

19/07/26 01:53:43 INFO  >  01 .MainControl dataBase Taroko connect success, timeOut[2min]
19/07/26 01:53:43 INFO  >  02 .Connect DB OK 
19/07/26 01:53:43 INFO  > 0000 03 Cmsq6010.ENDED TIME : 0.004

19/07/26 01:53:45 INFO  >  01 .MainControl dataBase Taroko connect success, timeOut[2min]
19/07/26 01:53:45 INFO  >  02 .Connect DB OK 
19/07/26 01:53:45 INFO  > 0000 03 Cmsr0020.ENDED TIME : 0.031

19/07/26 01:53:45 INFO  >  01 .MainControl dataBase Taroko connect success, timeOut[2min]
19/07/26 01:53:45 INFO  >  02 .Connect DB OK 
19/07/26 01:53:45 INFO  > 0000 03 Cmsr0020.ENDED TIME : 0.005

19/07/26 01:53:46 INFO  >  01 .MainControl dataBase Taroko connect success, timeOut[2min]
19/07/26 01:53:46 INFO  >  02 .Connect DB OK 
19/07/26 01:53:46 INFO  > 0000 03 Cmsr0040.ENDED TIME : 0.028

19/07/26 01:53:46 INFO  >  01 .MainControl dataBase Taroko connect success, timeOut[2min]
19/07/26 01:53:46 INFO  >  02 .Connect DB OK 
19/07/26 01:53:46 INFO  > 0000 03 Cmsr0040.ENDED TIME : 0.015

19/07/26 01:53:47 INFO  >  01 .MainControl dataBase Taroko connect success, timeOut[2min]
19/07/26 01:53:47 INFO  >  02 .Connect DB OK 
19/07/26 01:53:47 INFO  > 0000 03 Cmsr0070.ENDED TIME : 0.034

19/07/26 01:53:47 INFO  >  01 .MainControl dataBase Taroko connect success, timeOut[2min]
19/07/26 01:53:47 INFO  >  02 .Connect DB OK 
19/07/26 01:53:47 INFO  > 0000 03 Cmsr0070.ENDED TIME : 0.003

19/07/26 01:53:48 INFO  >  01 .MainControl dataBase Taroko connect success, timeOut[2min]
19/07/26 01:53:48 INFO  >  02 .Connect DB OK 
19/07/26 01:53:48 INFO  > 0000 03 Cmsr0110.ENDED TIME : 0.031

19/07/26 01:53:48 INFO  >  01 .MainControl dataBase Taroko connect success, timeOut[2min]
19/07/26 01:53:48 INFO  >  02 .Connect DB OK 
19/07/26 01:53:48 INFO  > 0000 03 Cmsr0110.ENDED TIME : 0.005

19/07/26 01:53:49 INFO  >  01 .MainControl dataBase Taroko connect success, timeOut[2min]
19/07/26 01:53:49 INFO  >  02 .Connect DB OK 
19/07/26 01:53:49 INFO  > 0000 03 Cmsr1110.ENDED TIME : 0.028

19/07/26 01:53:49 INFO  >  01 .MainControl dataBase Taroko connect success, timeOut[2min]
19/07/26 01:53:49 INFO  >  02 .Connect DB OK 
19/07/26 01:53:49 INFO  > 0000 03 Cmsr1110.ENDED TIME : 0.01

19/07/26 01:53:50 INFO  >  01 .MainControl dataBase Taroko connect success, timeOut[2min]
19/07/26 01:53:50 INFO  >  02 .Connect DB OK 
19/07/26 01:53:50 INFO  > 0000 03 Cmsr4020.ENDED TIME : 0.038

19/07/26 01:53:50 INFO  >  01 .MainControl dataBase Taroko connect success, timeOut[2min]
19/07/26 01:53:50 INFO  >  02 .Connect DB OK 
19/07/26 01:53:50 INFO  > 0000 03 Cmsr4020.ENDED TIME : 0.007

19/07/26 01:53:51 INFO  >  01 .MainControl dataBase Taroko connect success, timeOut[2min]
19/07/26 01:53:51 INFO  >  02 .Connect DB OK 
19/07/26 01:53:51 INFO  > 0000 03 Cmsr0015.ENDED TIME : 0.031

19/07/26 01:53:51 INFO  >  01 .MainControl dataBase Taroko connect success, timeOut[2min]
19/07/26 01:53:51 INFO  >  02 .Connect DB OK 
19/07/26 01:53:51 INFO  > 0000 03 Cmsr0015.ENDED TIME : 0.006

19/07/26 01:53:51 INFO  >  01 .MainControl dataBase Taroko connect success, timeOut[2min]
19/07/26 01:53:51 INFO  >  02 .Connect DB OK 
19/07/26 01:53:52 INFO  > 0000 03 Cmsq3220.ENDED TIME : 0.045

19/07/26 01:53:52 INFO  >  01 .MainControl dataBase Taroko connect success, timeOut[2min]
19/07/26 01:53:52 INFO  >  02 .Connect DB OK 
19/07/26 01:53:52 INFO  > 0000 03 Cmsq3220.ENDED TIME : 0.005

19/07/26 01:53:54 INFO  >  01 .MainControl dataBase Taroko connect success, timeOut[2min]
19/07/26 01:53:54 INFO  >  02 .Connect DB OK 
19/07/26 01:53:54 INFO  > 0000 03 Cmsm4010.ENDED TIME : 0.026

19/07/26 01:53:54 INFO  >  01 .MainControl dataBase Taroko connect success, timeOut[2min]
19/07/26 01:53:54 INFO  >  02 .Connect DB OK 
19/07/26 01:53:54 INFO  > 0000 03 Cmsm4010.ENDED TIME : 0.006

19/07/26 01:53:55 INFO  >  01 .MainControl dataBase Taroko connect success, timeOut[2min]
19/07/26 01:53:55 INFO  >  02 .Connect DB OK 
19/07/26 01:53:55 INFO  > 0000 03 Cmsq0010.ENDED TIME : 0.032

19/07/26 01:53:55 INFO  >  01 .MainControl dataBase Taroko connect success, timeOut[2min]
19/07/26 01:53:55 INFO  >  02 .Connect DB OK 
19/07/26 01:53:55 INFO  > 0000 03 Cmsq0010.ENDED TIME : 0.008

19/07/26 01:53:56 INFO  >  01 .MainControl dataBase Taroko connect success, timeOut[2min]
19/07/26 01:53:56 INFO  >  02 .Connect DB OK 
19/07/26 01:53:56 INFO  > 0000 03 Cmsq0040.ENDED TIME : 0.061

19/07/26 01:53:56 INFO  >  01 .MainControl dataBase Taroko connect success, timeOut[2min]
19/07/26 01:53:56 INFO  >  02 .Connect DB OK 
19/07/26 01:53:56 INFO  > 0000 03 Cmsq0040.ENDED TIME : 0.007

19/07/26 01:54:00 INFO  >  01 .MainControl dataBase Taroko connect success, timeOut[2min]
19/07/26 01:54:00 INFO  >  02 .Connect DB OK 
19/07/26 01:54:00 INFO  > 0000 03 Cmsp2010.ENDED TIME : 0.03

19/07/26 01:54:00 INFO  >  01 .MainControl dataBase Taroko connect success, timeOut[2min]
19/07/26 01:54:00 INFO  >  02 .Connect DB OK 
19/07/26 01:54:00 INFO  > 0000 03 Cmsp2010.ENDED TIME : 0.016

19/07/26 02:04:51 INFO  >  01 .MainControl dataBase Taroko connect success, timeOut[2min]
19/07/26 02:04:51 INFO  >  02 .Connect DB OK 
19/07/26 02:04:51 INFO  > 0000 03 Cmsm4010.ENDED TIME : 0.027

19/07/26 02:04:51 INFO  >  01 .MainControl dataBase Taroko connect success, timeOut[2min]
19/07/26 02:04:51 INFO  >  02 .Connect DB OK 
19/07/26 02:04:51 INFO  > 0000 03 Cmsm4010.ENDED TIME : 0.003

19/07/26 02:04:53 INFO  >  01 .MainControl dataBase Taroko connect success, timeOut[2min]
19/07/26 02:04:53 INFO  >  02 .Connect DB OK 
19/07/26 02:04:53 DEBUG > 0000 03 Cmsm4010.select CMS_ADDRCHECK started
19/07/26 02:04:53 INFO  > 0000 04 Cmsm4010.0000 >>>>>SELECT  chk_code , chk_desc , chk_flag , chk_debit , crt_user , crt_date , mod_seqno FROM cms_addrcheck  where 1=1  and chk_type = 'A'  order by chk_code,chk_desc 
19/07/26 02:04:53 INFO  > 0000 05 Cmsm4010.ENDED TIME : 0.025

19/07/26 02:04:56 INFO  >  01 .MainControl dataBase Taroko connect success, timeOut[2min]
19/07/26 02:04:56 INFO  >  02 .Connect DB OK 
19/07/26 02:04:56 INFO  > 0000 03 Cmsq0020.ENDED TIME : 0.027

19/07/26 02:04:56 INFO  >  01 .MainControl dataBase Taroko connect success, timeOut[2min]
19/07/26 02:04:56 INFO  >  02 .Connect DB OK 
19/07/26 02:04:56 INFO  > 0000 03 Cmsq0020.ENDED TIME : 0.015

19/07/26 02:04:57 INFO  >  01 .MainControl dataBase Taroko connect success, timeOut[2min]
19/07/26 02:04:57 INFO  >  02 .Connect DB OK 
19/07/26 02:04:57 INFO  > 0000 03 Cmsq0020.ENDED TIME : 0.015

19/07/26 02:05:00 INFO  >  01 .MainControl dataBase Taroko connect success, timeOut[2min]
19/07/26 02:05:00 INFO  >  02 .Connect DB OK 
19/07/26 02:05:00 INFO  > 0000 03 Cmsr5020.ENDED TIME : 0.042

19/07/26 02:05:00 INFO  >  01 .MainControl dataBase Taroko connect success, timeOut[2min]
19/07/26 02:05:00 INFO  >  02 .Connect DB OK 
19/07/26 02:05:00 INFO  > 0000 03 Cmsr5020.ENDED TIME : 0.004

19/07/26 02:05:01 INFO  >  01 .MainControl dataBase Taroko connect success, timeOut[2min]
19/07/26 02:05:01 INFO  >  02 .Connect DB OK 
19/07/26 02:05:01 INFO  > 0000 03 Cmsr5020.ENDED TIME : 0.005

19/07/26 02:05:06 INFO  >  01 .MainControl dataBase Taroko connect success, timeOut[2min]
19/07/26 02:05:06 INFO  >  02 .Connect DB OK 
19/07/26 02:05:06 INFO  > 0000 03 Dbar0010.ENDED TIME : 0.043

19/07/26 02:05:06 INFO  >  01 .MainControl dataBase Taroko connect success, timeOut[2min]
19/07/26 02:05:06 INFO  >  02 .Connect DB OK 
19/07/26 02:05:06 INFO  > 0000 03 Dbar0010.ENDED TIME : 0.005

19/07/26 02:05:08 INFO  >  01 .MainControl dataBase Taroko connect success, timeOut[2min]
19/07/26 02:05:08 INFO  >  02 .Connect DB OK 
19/07/26 02:05:08 INFO  > 0000 03 Dbar0010.ENDED TIME : 0.004

19/07/26 02:05:11 INFO  >  01 .MainControl dataBase Taroko connect success, timeOut[2min]
19/07/26 02:05:11 INFO  >  02 .Connect DB OK 
19/07/26 02:05:11 INFO  > 0000 03 Dbar0050.ENDED TIME : 0.029

19/07/26 02:05:11 INFO  >  01 .MainControl dataBase Taroko connect success, timeOut[2min]
19/07/26 02:05:11 INFO  >  02 .Connect DB OK 
19/07/26 02:05:11 INFO  > 0000 03 Dbar0050.ENDED TIME : 0.004

19/07/26 02:05:13 INFO  >  01 .MainControl dataBase Taroko connect success, timeOut[2min]
19/07/26 02:05:13 INFO  >  02 .Connect DB OK 
19/07/26 02:05:13 INFO  > 0000 03 Dbar0050.ENDED TIME : 0.01

19/07/26 02:05:58 INFO  >  01 .MainControl dataBase Taroko connect success, timeOut[2min]
19/07/26 02:05:58 INFO  >  02 .Connect DB OK 
19/07/26 02:05:58 INFO  > 0000 03 Crdr0015.ENDED TIME : 0.03

19/07/26 02:05:58 INFO  >  01 .MainControl dataBase Taroko connect success, timeOut[2min]
19/07/26 02:05:58 INFO  >  02 .Connect DB OK 
19/07/26 02:05:58 INFO  > 0000 03 Crdr0015.ENDED TIME : 0.008

19/07/26 02:06:07 INFO  >  01 .MainControl dataBase Taroko connect success, timeOut[2min]
19/07/26 02:06:07 INFO  >  02 .Connect DB OK 
19/07/26 02:06:07 INFO  > 0000 03 Dbcp0060.ENDED TIME : 0.035

19/07/26 02:06:07 INFO  >  01 .MainControl dataBase Taroko connect success, timeOut[2min]
19/07/26 02:06:07 INFO  >  02 .Connect DB OK 
19/07/26 02:06:07 INFO  > 0000 03 Dbcp0060.ENDED TIME : 0.014

19/07/26 02:06:11 INFO  >  01 .MainControl dataBase Taroko connect success, timeOut[2min]
19/07/26 02:06:11 INFO  >  02 .Connect DB OK 
19/07/26 02:06:11 INFO  > 0000 03 Dbcp0080.ENDED TIME : 0.05

19/07/26 02:06:11 INFO  >  01 .MainControl dataBase Taroko connect success, timeOut[2min]
19/07/26 02:06:11 INFO  >  02 .Connect DB OK 
19/07/26 02:06:11 INFO  > 0000 03 Dbcp0080.ENDED TIME : 0.007

19/07/26 02:06:13 INFO  >  01 .MainControl dataBase Taroko connect success, timeOut[2min]
19/07/26 02:06:13 INFO  >  02 .Connect DB OK 
19/07/26 02:06:13 INFO  > 0000 03 Dbcp0080.ENDED TIME : 0.007

19/07/26 02:06:18 INFO  >  01 .MainControl dataBase Taroko connect success, timeOut[2min]
19/07/26 02:06:18 INFO  >  02 .Connect DB OK 
19/07/26 02:06:18 INFO  > 0000 03 Ichm0020.ENDED TIME : 0.029

19/07/26 02:06:18 INFO  >  01 .MainControl dataBase Taroko connect success, timeOut[2min]
19/07/26 02:06:18 INFO  >  02 .Connect DB OK 
19/07/26 02:06:18 INFO  > 0000 03 Ichm0020.0000 >>>>>SELECT  parm_type , seq_no , parm_desc , amt01_txt , amt01 , amt02_txt , amt02 , amt03_txt , amt03 , send_date , crt_date , crt_user , apr_date , apr_user , mod_user , to_char(mod_time,'yyyymmdd') as mod_date , mod_pgm , mod_seqno , hex(rowid) as rowid  FROM ich_00_parm  where 1=1  and parm_type = 'ICHM0020'  and seq_no = 0 
19/07/26 02:06:18 INFO  > 0000 04 Ichm0020.ENDED TIME : 0.019

19/07/26 02:06:20 INFO  >  01 .MainControl dataBase Taroko connect success, timeOut[2min]
19/07/26 02:06:20 INFO  >  02 .Connect DB OK 
19/07/26 02:06:20 INFO  > 0000 03 Ichm0020.0000 >>>>>SELECT  parm_type , seq_no , parm_desc , amt01_txt , amt01 , amt02_txt , amt02 , amt03_txt , amt03 , send_date , crt_date , crt_user , apr_date , apr_user , mod_user , to_char(mod_time,'yyyymmdd') as mod_date , mod_pgm , mod_seqno , hex(rowid) as rowid  FROM ich_00_parm  where 1=1  and parm_type = 'ICHM0020'  and seq_no = 0 
19/07/26 02:06:20 INFO  > 0000 04 Ichm0020.ENDED TIME : 0.008

19/07/26 02:06:23 INFO  >  01 .MainControl dataBase Taroko connect success, timeOut[2min]
19/07/26 02:06:23 INFO  >  02 .Connect DB OK 
19/07/26 02:06:23 INFO  > 0000 03 Ichm0020.0000 >>>>>SELECT  parm_type , seq_no , parm_desc , amt01_txt , amt01 , amt02_txt , amt02 , amt03_txt , amt03 , send_date , crt_date , crt_user , apr_date , apr_user , mod_user , to_char(mod_time,'yyyymmdd') as mod_date , mod_pgm , mod_seqno , hex(rowid) as rowid  FROM ich_00_parm  where 1=1  and parm_type = 'ICHM0020'  and seq_no = 0 
19/07/26 02:06:23 INFO  > 0000 04 Ichm0020.ENDED TIME : 0.008

19/07/26 02:06:27 INFO  >  01 .MainControl dataBase Taroko connect success, timeOut[2min]
19/07/26 02:06:27 INFO  >  02 .Connect DB OK 
19/07/26 02:06:27 INFO  > 0000 03 Ichm0110.ENDED TIME : 0.033

19/07/26 02:06:27 INFO  >  01 .MainControl dataBase Taroko connect success, timeOut[2min]
19/07/26 02:06:27 INFO  >  02 .Connect DB OK 
19/07/26 02:06:27 INFO  > 0000 03 Ichm0110.ENDED TIME : 0.003

19/07/26 02:06:30 INFO  >  01 .MainControl dataBase Taroko connect success, timeOut[2min]
19/07/26 02:06:30 INFO  >  02 .Connect DB OK 
19/07/26 02:06:30 INFO  > 0000 03 Ichm0110.ENDED TIME : 0.013

19/07/26 02:06:34 INFO  >  01 .MainControl dataBase Taroko connect success, timeOut[2min]
19/07/26 02:06:34 INFO  >  02 .Connect DB OK 
19/07/26 02:06:34 INFO  > 0000 03 Misr100110.ENDED TIME : 0.036

19/07/26 02:06:34 INFO  >  01 .MainControl dataBase Taroko connect success, timeOut[2min]
19/07/26 02:06:34 INFO  >  02 .Connect DB OK 
19/07/26 02:06:34 INFO  > 0000 03 Misr100110.ENDED TIME : 0.01

19/07/26 02:06:40 INFO  >  01 .MainControl dataBase Taroko connect success, timeOut[2min]
19/07/26 02:06:40 INFO  >  02 .Connect DB OK 
19/07/26 02:06:40 INFO  > 0000 03 Mktp4060.ENDED TIME : 0.059

19/07/26 02:06:40 INFO  >  01 .MainControl dataBase Taroko connect success, timeOut[2min]
19/07/26 02:06:40 INFO  >  02 .Connect DB OK 
19/07/26 02:06:40 INFO  > 0000 03 Mktp4060.ENDED TIME : 0.024

19/07/26 02:06:41 INFO  >  01 .MainControl dataBase Taroko connect success, timeOut[2min]
19/07/26 02:06:41 INFO  >  02 .Connect DB OK 
19/07/26 02:06:41 DEBUG > 0000 03 Mktp4060.select MKT_REPT_PAR_T A  started
19/07/26 02:06:41 INFO  > 0000 04 Mktp4060.0000 >>>>>SELECT  hex(a.rowid) as rowid, nvl(a.mod_seqno,0) as mod_seqno, a.aud_type,a.batch_no,a.description,a.acct_type_sel,a.group_code_sel,a.source_code_sel,a.carddate_sel,a.crt_user,a.crt_date FROM mkt_rept_par_t a  WHERE 1=1    order by batch_no limit 0 , 20
19/07/26 02:06:41 WARN  > 0000 05 Mktp4060.NOT FOUND : select mkt_rept_par_t a  WHERE 1=1    order by batch_no 
19/07/26 02:06:41 INFO  > 0000 06 Mktp4060.ENDED TIME : 0.018

19/07/26 02:06:53 INFO  >  01 .MainControl dataBase Taroko connect success, timeOut[2min]
19/07/26 02:06:53 INFO  >  02 .Connect DB OK 
19/07/26 02:06:53 INFO  > 0000 03 Mktm5020.ENDED TIME : 0.033

19/07/26 02:06:53 INFO  >  01 .MainControl dataBase Taroko connect success, timeOut[2min]
19/07/26 02:06:53 INFO  >  02 .Connect DB OK 
19/07/26 02:06:53 INFO  > 0000 03 Mktm5020.ENDED TIME : 0.004

19/07/26 02:06:55 INFO  >  01 .MainControl dataBase Taroko connect success, timeOut[2min]
19/07/26 02:06:55 INFO  >  02 .Connect DB OK 
19/07/26 02:06:55 DEBUG > 0000 03 Mktm5020.select  MKT_DS_SALES  started
19/07/26 02:06:55 INFO  > 0000 04 Mktm5020.0000 >>>>>SELECT  id_no ,  sales_id ,  sales_cname ,  mangr_id ,  mod_user ,  hire_date ,  leave_date ,  to_char(mod_time,'yyyymmdd') as mod_date ,  apr_user ,  apr_date ,  apr_flag  FROM  mkt_ds_sales   where 1=1   order by sales_id Asc limit 0 , 20
19/07/26 02:06:55 WARN  > 0000 05 Mktm5020.NOT FOUND : select  mkt_ds_sales   where 1=1   order by sales_id Asc 
19/07/26 02:06:55 INFO  > 0000 06 Mktm5020.ENDED TIME : 0.015

19/07/26 02:06:57 INFO  >  01 .MainControl dataBase Taroko connect success, timeOut[2min]
19/07/26 02:06:57 INFO  >  02 .Connect DB OK 
19/07/26 02:06:57 INFO  > 0000 03 Mktm5020.ENDED TIME : 0.025

19/07/26 02:06:57 INFO  >  01 .MainControl dataBase Taroko connect success, timeOut[2min]
19/07/26 02:06:57 INFO  >  02 .Connect DB OK 
19/07/26 02:06:57 INFO  > 0000 03 Mktm5020.ENDED TIME : 0.008

19/07/26 02:06:58 INFO  >  01 .MainControl dataBase Taroko connect success, timeOut[2min]
19/07/26 02:06:58 INFO  >  02 .Connect DB OK 
19/07/26 02:06:58 INFO  > 0000 03 Mktm5010.ENDED TIME : 0.035

19/07/26 02:06:58 INFO  >  01 .MainControl dataBase Taroko connect success, timeOut[2min]
19/07/26 02:06:58 INFO  >  02 .Connect DB OK 
19/07/26 02:06:58 INFO  > 0000 03 Mktm5010.ENDED TIME : 0.006

19/07/26 02:07:00 INFO  >  01 .MainControl dataBase Taroko connect success, timeOut[2min]
19/07/26 02:07:00 INFO  >  02 .Connect DB OK 
19/07/26 02:07:00 DEBUG > 0000 03 Mktm5010.select  MKT_DS_MANGR  started
19/07/26 02:07:00 INFO  > 0000 04 Mktm5010.0000 >>>>>SELECT  id_no ,  mangr_id ,  mod_user ,  to_char(mod_time,'yyyymmdd') as mod_date ,  apr_user ,  apr_date ,  apr_flag ,  mangr_cname  FROM  mkt_ds_mangr   where 1=1   order by mangr_id Asc limit 0 , 20
19/07/26 02:07:00 WARN  > 0000 05 Mktm5010.NOT FOUND : select  mkt_ds_mangr   where 1=1   order by mangr_id Asc 
19/07/26 02:07:00 INFO  > 0000 06 Mktm5010.ENDED TIME : 0.012

19/07/26 02:07:33 INFO  >  01 .MainControl dataBase Taroko connect success, timeOut[2min]
19/07/26 02:07:33 INFO  >  02 .Connect DB OK 
19/07/26 02:07:33 INFO  > 0000 03 Mktm5020.ENDED TIME : 0.027

19/07/26 02:07:33 INFO  >  01 .MainControl dataBase Taroko connect success, timeOut[2min]
19/07/26 02:07:33 INFO  >  02 .Connect DB OK 
19/07/26 02:07:33 INFO  > 0000 03 Mktm5020.ENDED TIME : 0.004

19/07/26 02:07:35 INFO  >  01 .MainControl dataBase Taroko connect success, timeOut[2min]
19/07/26 02:07:35 INFO  >  02 .Connect DB OK 
19/07/26 02:07:35 DEBUG > 0000 03 Mktm5020.select  MKT_DS_SALES  started
19/07/26 02:07:35 INFO  > 0000 04 Mktm5020.0000 >>>>>SELECT  id_no ,  sales_id ,  sales_cname ,  mangr_id ,  mod_user ,  hire_date ,  leave_date ,  to_char(mod_time,'yyyymmdd') as mod_date ,  apr_user ,  apr_date ,  apr_flag  FROM  mkt_ds_sales   where 1=1   order by sales_id Asc limit 0 , 20
19/07/26 02:07:35 WARN  > 0000 05 Mktm5020.NOT FOUND : select  mkt_ds_sales   where 1=1   order by sales_id Asc 
19/07/26 02:07:35 INFO  > 0000 06 Mktm5020.ENDED TIME : 0.02

19/07/26 02:07:38 INFO  >  01 .MainControl dataBase Taroko connect success, timeOut[2min]
19/07/26 02:07:38 INFO  >  02 .Connect DB OK 
19/07/26 02:07:38 INFO  > 0000 03 Ichr0030.ENDED TIME : 0.03

19/07/26 02:07:38 INFO  >  01 .MainControl dataBase Taroko connect success, timeOut[2min]
19/07/26 02:07:38 INFO  >  02 .Connect DB OK 
19/07/26 02:07:38 INFO  > 0000 03 Ichr0030.ENDED TIME : 0.003

19/07/26 02:07:39 INFO  >  01 .MainControl dataBase Taroko connect success, timeOut[2min]
19/07/26 02:07:39 INFO  >  02 .Connect DB OK 
19/07/26 02:07:39 DEBUG > 0000 03 Ichr0030.select  ICH_A07B_ADD  started
19/07/26 02:07:39 INFO  > 0000 04 Ichr0030.0000 >>>>>SELECT  card_no ,  ich_card_no ,  txn_date  FROM  ich_a07b_add   where 1=1 and online_mark in ('0','2')  limit 0 , 20
19/07/26 02:07:39 DEBUG > -DDD->sqlerr:  select sum(end_bal) as lm_debt from act_debt where p_seqno in  (select gp_no from act_acno where p_seqno = '0002058277' ) 
19/07/26 02:07:39 DEBUG > Ichr0030-JJJJJ->sql_error:  select sum(end_bal) as lm_debt from act_debt where p_seqno in  (select gp_no from act_acno where p_seqno = ? ) 
19/07/26 02:07:39 DEBUG > -DDD->sqlerr:  select sum(A.cash_use_balance) as lm_cash_use  from act_combo_m_jrnl A join act_acno B on A.acct_type = B.acct_type  A.id_p_seqno = B.id_p_seqno where B.p_seqno = '0002058277' 
19/07/26 02:07:39 DEBUG > Ichr0030-JJJJJ->sql_error:  select sum(A.cash_use_balance) as lm_cash_use  from act_combo_m_jrnl A join act_acno B on A.acct_type = B.acct_type  A.id_p_seqno = B.id_p_seqno where B.p_seqno = ? 
19/07/26 02:07:39 DEBUG > -DDD->sqlerr:  select  sum(A.unit_price * (A.install_tot_term - A.install_curr_term) + A.remd_amt +  decode(A.install_curr_term,0,A.first_remd_amt+A.extra_fees,0)) as lm_unbill_amt ,  sum(A.lm_unbill_amt * (A.clt_install_tot_term - A.install_curr_term) + A.clt_remd_amt) as lm_unbill_fee  from bil_contract A join act_acno B on A.acct_type = B.acct_type and A.id_p_seqno = B.id_p_seqno  where B.p_seqno = '0002058277' 
19/07/26 02:07:39 DEBUG > Ichr0030-JJJJJ->sql_error:  select  sum(A.unit_price * (A.install_tot_term - A.install_curr_term) + A.remd_amt +  decode(A.install_curr_term,0,A.first_remd_amt+A.extra_fees,0)) as lm_unbill_amt ,  sum(A.lm_unbill_amt * (A.clt_install_tot_term - A.install_curr_term) + A.clt_remd_amt) as lm_unbill_fee  from bil_contract A join act_acno B on A.acct_type = B.acct_type and A.id_p_seqno = B.id_p_seqno  where B.p_seqno = ? 
19/07/26 02:07:39 DEBUG > -DDD->sqlerr:  select sum(end_bal) as lm_debt from act_debt where p_seqno in  (select gp_no from act_acno where p_seqno = '0001659561' ) 
19/07/26 02:07:39 DEBUG > Ichr0030-JJJJJ->sql_error:  select sum(end_bal) as lm_debt from act_debt where p_seqno in  (select gp_no from act_acno where p_seqno = ? ) 
19/07/26 02:07:39 DEBUG > -DDD->sqlerr:  select sum(A.cash_use_balance) as lm_cash_use  from act_combo_m_jrnl A join act_acno B on A.acct_type = B.acct_type  A.id_p_seqno = B.id_p_seqno where B.p_seqno = '0001659561' 
19/07/26 02:07:39 DEBUG > Ichr0030-JJJJJ->sql_error:  select sum(A.cash_use_balance) as lm_cash_use  from act_combo_m_jrnl A join act_acno B on A.acct_type = B.acct_type  A.id_p_seqno = B.id_p_seqno where B.p_seqno = ? 
19/07/26 02:07:39 DEBUG > -DDD->sqlerr:  select  sum(A.unit_price * (A.install_tot_term - A.install_curr_term) + A.remd_amt +  decode(A.install_curr_term,0,A.first_remd_amt+A.extra_fees,0)) as lm_unbill_amt ,  sum(A.lm_unbill_amt * (A.clt_install_tot_term - A.install_curr_term) + A.clt_remd_amt) as lm_unbill_fee  from bil_contract A join act_acno B on A.acct_type = B.acct_type and A.id_p_seqno = B.id_p_seqno  where B.p_seqno = '0001659561' 
19/07/26 02:07:39 DEBUG > Ichr0030-JJJJJ->sql_error:  select  sum(A.unit_price * (A.install_tot_term - A.install_curr_term) + A.remd_amt +  decode(A.install_curr_term,0,A.first_remd_amt+A.extra_fees,0)) as lm_unbill_amt ,  sum(A.lm_unbill_amt * (A.clt_install_tot_term - A.install_curr_term) + A.clt_remd_amt) as lm_unbill_fee  from bil_contract A join act_acno B on A.acct_type = B.acct_type and A.id_p_seqno = B.id_p_seqno  where B.p_seqno = ? 
19/07/26 02:07:39 DEBUG > -DDD->sqlerr:  select sum(end_bal) as lm_debt from act_debt where p_seqno in  (select gp_no from act_acno where p_seqno = '0002135831' ) 
19/07/26 02:07:39 DEBUG > Ichr0030-JJJJJ->sql_error:  select sum(end_bal) as lm_debt from act_debt where p_seqno in  (select gp_no from act_acno where p_seqno = ? ) 
19/07/26 02:07:39 DEBUG > -DDD->sqlerr:  select sum(A.cash_use_balance) as lm_cash_use  from act_combo_m_jrnl A join act_acno B on A.acct_type = B.acct_type  A.id_p_seqno = B.id_p_seqno where B.p_seqno = '0002135831' 
19/07/26 02:07:39 DEBUG > Ichr0030-JJJJJ->sql_error:  select sum(A.cash_use_balance) as lm_cash_use  from act_combo_m_jrnl A join act_acno B on A.acct_type = B.acct_type  A.id_p_seqno = B.id_p_seqno where B.p_seqno = ? 
19/07/26 02:07:39 DEBUG > -DDD->sqlerr:  select  sum(A.unit_price * (A.install_tot_term - A.install_curr_term) + A.remd_amt +  decode(A.install_curr_term,0,A.first_remd_amt+A.extra_fees,0)) as lm_unbill_amt ,  sum(A.lm_unbill_amt * (A.clt_install_tot_term - A.install_curr_term) + A.clt_remd_amt) as lm_unbill_fee  from bil_contract A join act_acno B on A.acct_type = B.acct_type and A.id_p_seqno = B.id_p_seqno  where B.p_seqno = '0002135831' 
19/07/26 02:07:39 DEBUG > Ichr0030-JJJJJ->sql_error:  select  sum(A.unit_price * (A.install_tot_term - A.install_curr_term) + A.remd_amt +  decode(A.install_curr_term,0,A.first_remd_amt+A.extra_fees,0)) as lm_unbill_amt ,  sum(A.lm_unbill_amt * (A.clt_install_tot_term - A.install_curr_term) + A.clt_remd_amt) as lm_unbill_fee  from bil_contract A join act_acno B on A.acct_type = B.acct_type and A.id_p_seqno = B.id_p_seqno  where B.p_seqno = ? 
19/07/26 02:07:39 INFO  > 0000 23 Ichr0030.ENDED TIME : 0.222

19/07/26 02:07:44 INFO  >  01 .MainControl dataBase Taroko connect success, timeOut[2min]
19/07/26 02:07:44 INFO  >  02 .Connect DB OK 
19/07/26 02:07:44 INFO  > 0000 03 Ichr0120.ENDED TIME : 0.045

19/07/26 02:07:44 INFO  >  01 .MainControl dataBase Taroko connect success, timeOut[2min]
19/07/26 02:07:44 INFO  >  02 .Connect DB OK 
19/07/26 02:07:44 INFO  > 0000 03 Ichr0120.ENDED TIME : 0.003

19/07/26 02:07:45 INFO  >  01 .MainControl dataBase Taroko connect success, timeOut[2min]
19/07/26 02:07:45 INFO  >  02 .Connect DB OK 
19/07/26 02:07:45 INFO  > 0000 03 Ichr0120.ENDED TIME : 0.011

19/07/26 02:07:49 INFO  >  01 .MainControl dataBase Taroko connect success, timeOut[2min]
19/07/26 02:07:49 INFO  >  02 .Connect DB OK 
19/07/26 02:07:49 INFO  > 0000 03 Mktp2300.ENDED TIME : 0.068

19/07/26 02:07:49 INFO  >  01 .MainControl dataBase Taroko connect success, timeOut[2min]
19/07/26 02:07:49 INFO  >  02 .Connect DB OK 
19/07/26 02:07:49 INFO  > 0000 03 Mktp2300.ENDED TIME : 0.032

19/07/26 02:07:56 INFO  >  01 .MainControl dataBase Taroko connect success, timeOut[2min]
19/07/26 02:07:56 INFO  >  02 .Connect DB OK 
19/07/26 02:07:56 INFO  > 0000 03 Misr020040.ENDED TIME : 0.029

19/07/26 02:07:56 INFO  >  01 .MainControl dataBase Taroko connect success, timeOut[2min]
19/07/26 02:07:56 INFO  >  02 .Connect DB OK 
19/07/26 02:07:56 INFO  > 0000 03 Misr020040.ENDED TIME : 0.004

19/07/26 02:08:13 INFO  >  01 .MainControl dataBase Taroko connect success, timeOut[2min]
19/07/26 02:08:13 INFO  >  02 .Connect DB OK 
19/07/26 02:08:13 INFO  > 0000 03 Mktm5040.ENDED TIME : 0.031

19/07/26 02:08:13 INFO  >  01 .MainControl dataBase Taroko connect success, timeOut[2min]
19/07/26 02:08:13 INFO  >  02 .Connect DB OK 
19/07/26 02:08:13 INFO  > 0000 03 Mktm5040.0000 >>>>>SELECT  valid_date ,  apr_flag ,  sales_hire_day ,  cut_card_mon ,  sales_amt_max ,  season_point ,  season_amt ,  alive_cond_pct ,  alive_amt_pct ,  apr_date ,  apr_user ,  crt_user ,  crt_date ,  mod_user ,  to_char(mod_time,'yyyymmdd') as mod_date ,  mod_pgm ,  mod_seqno ,  hex(rowid) as rowid  FROM  mkt_ds_parm1   where 1=1  and valid_date = '00000000' and param_type = '3'
19/07/26 02:08:13 WARN  > 0000 04 Mktm5040.NOT FOUND : SELECT  valid_date ,  apr_flag ,  sales_hire_day ,  cut_card_mon ,  sales_amt_max ,  season_point ,  season_amt ,  alive_cond_pct ,  alive_amt_pct ,  apr_date ,  apr_user ,  crt_user ,  crt_date ,  mod_user ,  to_char(mod_time,'yyyymmdd') as mod_date ,  mod_pgm ,  mod_seqno ,  hex(rowid) as rowid  FROM  mkt_ds_parm1   where 1=1  and valid_date = '00000000' and param_type = '3' 
19/07/26 02:08:13 INFO  > 0000 05 Mktm5040.ENDED TIME : 0.013

19/07/26 02:08:15 INFO  >  01 .MainControl dataBase Taroko connect success, timeOut[2min]
19/07/26 02:08:15 INFO  >  02 .Connect DB OK 
19/07/26 02:08:15 INFO  > 0000 03 Mktp3120.ENDED TIME : 0.025

19/07/26 02:08:15 INFO  >  01 .MainControl dataBase Taroko connect success, timeOut[2min]
19/07/26 02:08:15 INFO  >  02 .Connect DB OK 
19/07/26 02:08:15 INFO  > 0000 03 Mktp3120.ENDED TIME : 0.003

19/07/26 02:08:18 INFO  >  01 .MainControl dataBase Taroko connect success, timeOut[2min]
19/07/26 02:08:18 INFO  >  02 .Connect DB OK 
19/07/26 02:08:18 INFO  > 0000 03 Mktp6250.ENDED TIME : 0.033

19/07/26 02:08:18 INFO  >  01 .MainControl dataBase Taroko connect success, timeOut[2min]
19/07/26 02:08:18 INFO  >  02 .Connect DB OK 
19/07/26 02:08:18 INFO  > 0000 03 Mktp6250.ENDED TIME : 0.03

19/07/26 02:08:19 INFO  >  01 .MainControl dataBase Taroko connect success, timeOut[2min]
19/07/26 02:08:19 INFO  >  02 .Connect DB OK 
19/07/26 02:08:19 DEBUG > 0000 03 Mktp6250.select MKT_FSTP_PARMSEQ_T A  started
19/07/26 02:08:19 INFO  > 0000 04 Mktp6250.0000 >>>>>SELECT  hex(a.rowid) as rowid, nvl(a.mod_seqno,0) as mod_seqno, a.aud_type,a.active_code,a.active_seq,a.active_type,a.record_cond,a.crt_user,a.crt_date,a.apr_user,a.apr_date FROM mkt_fstp_parmseq_t a  WHERE 1=1    order by active_code,active_Seq limit 0 , 20
19/07/26 02:08:19 WARN  > 0000 05 Mktp6250.NOT FOUND : select mkt_fstp_parmseq_t a  WHERE 1=1    order by active_code,active_Seq 
19/07/26 02:08:19 INFO  > 0000 06 Mktp6250.ENDED TIME : 0.018

19/07/26 02:08:26 INFO  >  01 .MainControl dataBase Taroko connect success, timeOut[2min]
19/07/26 02:08:26 INFO  >  02 .Connect DB OK 
19/07/26 02:08:26 INFO  > 0000 03 Rskm3105.ENDED TIME : 0.031

19/07/26 02:08:26 INFO  >  01 .MainControl dataBase Taroko connect success, timeOut[2min]
19/07/26 02:08:26 INFO  >  02 .Connect DB OK 
19/07/26 02:08:26 INFO  > 0000 03 Rskm3105.ENDED TIME : 0.005

19/07/26 02:08:28 INFO  >  01 .MainControl dataBase Taroko connect success, timeOut[2min]
19/07/26 02:08:28 INFO  >  02 .Connect DB OK 
19/07/26 02:08:28 DEBUG > 0000 03 Rskm3105.select RSK_CTFI_AREA started
19/07/26 02:08:28 INFO  > 0000 04 Rskm3105.0000 >>>>>SELECT area_code, cntry_code, area_remark, to_char(mod_time,'yyyymmdd') as mod_date, mod_user  FROM rsk_ctfi_area  where 1=1  order by area_code  limit 0 , 20
19/07/26 02:08:28 INFO  > 0000 05 Rskm3105.ENDED TIME : 0.018

19/07/26 02:08:33 INFO  >  01 .MainControl dataBase Taroko connect success, timeOut[2min]
19/07/26 02:08:33 INFO  >  02 .Connect DB OK 
19/07/26 02:08:33 DEBUG > -DDD->sql=select hex(rowid) as rowid, mod_seqno, area_code , cntry_code , area_remark , mod_user , to_char(mod_time,'yyyymmdd') as mod_date , crt_date , crt_user  from rsk_ctfi_area  where 1=1 and area_code = '1105' 
19/07/26 02:08:33 INFO  > 0000 04 Rskm3105.0000 >>>>>SELECT hex(rowid) as rowid, mod_seqno, area_code , cntry_code , area_remark , mod_user , to_char(mod_time,'yyyymmdd') as mod_date , crt_date , crt_user  FROM rsk_ctfi_area  where 1=1 and area_code = '1105'
19/07/26 02:08:33 INFO  > 0000 05 Rskm3105.ENDED TIME : 0.006

19/07/26 02:08:36 INFO  >  01 .MainControl dataBase Taroko connect success, timeOut[2min]
19/07/26 02:08:36 INFO  >  02 .Connect DB OK 
19/07/26 02:08:36 DEBUG > -DDD->sql=select hex(rowid) as rowid, mod_seqno, area_code , cntry_code , area_remark , mod_user , to_char(mod_time,'yyyymmdd') as mod_date , crt_date , crt_user  from rsk_ctfi_area  where 1=1 and area_code = '1201' 
19/07/26 02:08:36 INFO  > 0000 04 Rskm3105.0000 >>>>>SELECT hex(rowid) as rowid, mod_seqno, area_code , cntry_code , area_remark , mod_user , to_char(mod_time,'yyyymmdd') as mod_date , crt_date , crt_user  FROM rsk_ctfi_area  where 1=1 and area_code = '1201'
19/07/26 02:08:36 INFO  > 0000 05 Rskm3105.ENDED TIME : 0.006

19/07/26 02:08:39 INFO  >  01 .MainControl dataBase Taroko connect success, timeOut[2min]
19/07/26 02:08:39 INFO  >  02 .Connect DB OK 
19/07/26 02:08:39 DEBUG > -DDD->sql=select hex(rowid) as rowid, mod_seqno, area_code , cntry_code , area_remark , mod_user , to_char(mod_time,'yyyymmdd') as mod_date , crt_date , crt_user  from rsk_ctfi_area  where 1=1 and area_code = '1203' 
19/07/26 02:08:39 INFO  > 0000 04 Rskm3105.0000 >>>>>SELECT hex(rowid) as rowid, mod_seqno, area_code , cntry_code , area_remark , mod_user , to_char(mod_time,'yyyymmdd') as mod_date , crt_date , crt_user  FROM rsk_ctfi_area  where 1=1 and area_code = '1203'
19/07/26 02:08:39 INFO  > 0000 05 Rskm3105.ENDED TIME : 0.009

19/07/26 02:08:42 INFO  >  01 .MainControl dataBase Taroko connect success, timeOut[2min]
19/07/26 02:08:42 INFO  >  02 .Connect DB OK 
19/07/26 02:08:42 DEBUG > -DDD->sql=select hex(rowid) as rowid, mod_seqno, area_code , cntry_code , area_remark , mod_user , to_char(mod_time,'yyyymmdd') as mod_date , crt_date , crt_user  from rsk_ctfi_area  where 1=1 and area_code = '1106' 
19/07/26 02:08:42 INFO  > 0000 04 Rskm3105.0000 >>>>>SELECT hex(rowid) as rowid, mod_seqno, area_code , cntry_code , area_remark , mod_user , to_char(mod_time,'yyyymmdd') as mod_date , crt_date , crt_user  FROM rsk_ctfi_area  where 1=1 and area_code = '1106'
19/07/26 02:08:42 INFO  > 0000 05 Rskm3105.ENDED TIME : 0.011

19/07/26 02:08:44 INFO  >  01 .MainControl dataBase Taroko connect success, timeOut[2min]
19/07/26 02:08:44 INFO  >  02 .Connect DB OK 
19/07/26 02:08:44 DEBUG > -DDD->sql=select hex(rowid) as rowid, mod_seqno, area_code , cntry_code , area_remark , mod_user , to_char(mod_time,'yyyymmdd') as mod_date , crt_date , crt_user  from rsk_ctfi_area  where 1=1 and area_code = '1102' 
19/07/26 02:08:44 INFO  > 0000 04 Rskm3105.0000 >>>>>SELECT hex(rowid) as rowid, mod_seqno, area_code , cntry_code , area_remark , mod_user , to_char(mod_time,'yyyymmdd') as mod_date , crt_date , crt_user  FROM rsk_ctfi_area  where 1=1 and area_code = '1102'
19/07/26 02:08:44 INFO  > 0000 05 Rskm3105.ENDED TIME : 0.008

19/07/26 02:08:47 INFO  >  01 .MainControl dataBase Taroko connect success, timeOut[2min]
19/07/26 02:08:47 INFO  >  02 .Connect DB OK 
19/07/26 02:08:47 DEBUG > -DDD->sql=select hex(rowid) as rowid, mod_seqno, area_code , cntry_code , area_remark , mod_user , to_char(mod_time,'yyyymmdd') as mod_date , crt_date , crt_user  from rsk_ctfi_area  where 1=1 and area_code = '1211' 
19/07/26 02:08:47 INFO  > 0000 04 Rskm3105.0000 >>>>>SELECT hex(rowid) as rowid, mod_seqno, area_code , cntry_code , area_remark , mod_user , to_char(mod_time,'yyyymmdd') as mod_date , crt_date , crt_user  FROM rsk_ctfi_area  where 1=1 and area_code = '1211'
19/07/26 02:08:47 INFO  > 0000 05 Rskm3105.ENDED TIME : 0.008

19/07/26 02:08:53 INFO  >  01 .MainControl dataBase Taroko connect success, timeOut[2min]
19/07/26 02:08:53 INFO  >  02 .Connect DB OK 
19/07/26 02:08:53 DEBUG > -DDD->sql=select hex(rowid) as rowid, mod_seqno, area_code , cntry_code , area_remark , mod_user , to_char(mod_time,'yyyymmdd') as mod_date , crt_date , crt_user  from rsk_ctfi_area  where 1=1 and area_code = '1211' 
19/07/26 02:08:53 INFO  > 0000 04 Rskm3105.0000 >>>>>SELECT hex(rowid) as rowid, mod_seqno, area_code , cntry_code , area_remark , mod_user , to_char(mod_time,'yyyymmdd') as mod_date , crt_date , crt_user  FROM rsk_ctfi_area  where 1=1 and area_code = '1211'
19/07/26 02:08:53 INFO  > 0000 05 Rskm3105.ENDED TIME : 0.004

19/07/26 02:09:00 INFO  >  01 .MainControl dataBase Taroko connect success, timeOut[2min]
19/07/26 02:09:00 INFO  >  02 .Connect DB OK 
19/07/26 02:09:00 DEBUG > -DDD->sql=select hex(rowid) as rowid, mod_seqno, area_code , cntry_code , area_remark , mod_user , to_char(mod_time,'yyyymmdd') as mod_date , crt_date , crt_user  from rsk_ctfi_area  where 1=1 and area_code = '1211' 
19/07/26 02:09:00 INFO  > 0000 04 Rskm3105.0000 >>>>>SELECT hex(rowid) as rowid, mod_seqno, area_code , cntry_code , area_remark , mod_user , to_char(mod_time,'yyyymmdd') as mod_date , crt_date , crt_user  FROM rsk_ctfi_area  where 1=1 and area_code = '1211'
19/07/26 02:09:00 INFO  > 0000 05 Rskm3105.ENDED TIME : 0.016

19/07/26 02:09:06 INFO  >  01 .MainControl dataBase Taroko connect success, timeOut[2min]
19/07/26 02:09:06 INFO  >  02 .Connect DB OK 
19/07/26 02:09:06 DEBUG > -DDD->sql=select hex(rowid) as rowid, mod_seqno, area_code , cntry_code , area_remark , mod_user , to_char(mod_time,'yyyymmdd') as mod_date , crt_date , crt_user  from rsk_ctfi_area  where 1=1 and area_code = '1103' 
19/07/26 02:09:06 INFO  > 0000 04 Rskm3105.0000 >>>>>SELECT hex(rowid) as rowid, mod_seqno, area_code , cntry_code , area_remark , mod_user , to_char(mod_time,'yyyymmdd') as mod_date , crt_date , crt_user  FROM rsk_ctfi_area  where 1=1 and area_code = '1103'
19/07/26 02:09:06 INFO  > 0000 05 Rskm3105.ENDED TIME : 0.007

19/07/26 02:09:12 INFO  >  01 .MainControl dataBase Taroko connect success, timeOut[2min]
19/07/26 02:09:12 INFO  >  02 .Connect DB OK 
19/07/26 02:09:12 DEBUG > -DDD->sql=select hex(rowid) as rowid, mod_seqno, area_code , cntry_code , area_remark , mod_user , to_char(mod_time,'yyyymmdd') as mod_date , crt_date , crt_user  from rsk_ctfi_area  where 1=1 and area_code = '1204' 
19/07/26 02:09:12 INFO  > 0000 04 Rskm3105.0000 >>>>>SELECT hex(rowid) as rowid, mod_seqno, area_code , cntry_code , area_remark , mod_user , to_char(mod_time,'yyyymmdd') as mod_date , crt_date , crt_user  FROM rsk_ctfi_area  where 1=1 and area_code = '1204'
19/07/26 02:09:12 INFO  > 0000 05 Rskm3105.ENDED TIME : 0.007

19/07/26 02:09:16 INFO  >  01 .MainControl dataBase Taroko connect success, timeOut[2min]
19/07/26 02:09:16 INFO  >  02 .Connect DB OK 
19/07/26 02:09:16 DEBUG > -DDD->sql=select hex(rowid) as rowid, mod_seqno, area_code , cntry_code , area_remark , mod_user , to_char(mod_time,'yyyymmdd') as mod_date , crt_date , crt_user  from rsk_ctfi_area  where 1=1 and area_code = '1106' 
19/07/26 02:09:16 INFO  > 0000 04 Rskm3105.0000 >>>>>SELECT hex(rowid) as rowid, mod_seqno, area_code , cntry_code , area_remark , mod_user , to_char(mod_time,'yyyymmdd') as mod_date , crt_date , crt_user  FROM rsk_ctfi_area  where 1=1 and area_code = '1106'
19/07/26 02:09:16 INFO  > 0000 05 Rskm3105.ENDED TIME : 0.005

19/07/26 02:09:21 INFO  >  01 .MainControl dataBase Taroko connect success, timeOut[2min]
19/07/26 02:09:21 INFO  >  02 .Connect DB OK 
19/07/26 02:09:21 DEBUG > -DDD->sql=select hex(rowid) as rowid, mod_seqno, area_code , cntry_code , area_remark , mod_user , to_char(mod_time,'yyyymmdd') as mod_date , crt_date , crt_user  from rsk_ctfi_area  where 1=1 and area_code = '1201' 
19/07/26 02:09:21 INFO  > 0000 04 Rskm3105.0000 >>>>>SELECT hex(rowid) as rowid, mod_seqno, area_code , cntry_code , area_remark , mod_user , to_char(mod_time,'yyyymmdd') as mod_date , crt_date , crt_user  FROM rsk_ctfi_area  where 1=1 and area_code = '1201'
19/07/26 02:09:21 INFO  > 0000 05 Rskm3105.ENDED TIME : 0.014

19/07/26 02:09:52 INFO  >  01 .MainControl dataBase Taroko connect success, timeOut[2min]
19/07/26 02:09:52 INFO  >  02 .Connect DB OK 
19/07/26 02:09:52 INFO  > 0000 03 Mktp4210.ENDED TIME : 0.027

19/07/26 02:09:52 INFO  >  01 .MainControl dataBase Taroko connect success, timeOut[2min]
19/07/26 02:09:52 INFO  >  02 .Connect DB OK 
19/07/26 02:09:52 INFO  > 0000 03 Mktp4210.ENDED TIME : 0.02

19/07/26 02:09:53 INFO  >  01 .MainControl dataBase Taroko connect success, timeOut[2min]
19/07/26 02:09:53 INFO  >  02 .Connect DB OK 
19/07/26 02:09:53 INFO  > 0000 03 Mktp4240.ENDED TIME : 0.028

19/07/26 02:09:53 INFO  >  01 .MainControl dataBase Taroko connect success, timeOut[2min]
19/07/26 02:09:53 INFO  >  02 .Connect DB OK 
19/07/26 02:09:53 INFO  > 0000 03 Mktp4240.ENDED TIME : 0.004

19/07/26 02:09:54 INFO  >  01 .MainControl dataBase Taroko connect success, timeOut[2min]
19/07/26 02:09:54 INFO  >  02 .Connect DB OK 
19/07/26 02:09:54 INFO  > 0000 03 Mktp6220.ENDED TIME : 0.031

19/07/26 02:09:54 INFO  >  01 .MainControl dataBase Taroko connect success, timeOut[2min]
19/07/26 02:09:54 INFO  >  02 .Connect DB OK 
19/07/26 02:09:54 INFO  > 0000 03 Mktp6220.ENDED TIME : 0.068

19/07/26 02:09:55 INFO  >  01 .MainControl dataBase Taroko connect success, timeOut[2min]
19/07/26 02:09:55 INFO  >  02 .Connect DB OK 
19/07/26 02:09:55 INFO  > 0000 03 Mktp6255.ENDED TIME : 0.032

19/07/26 02:09:55 INFO  >  01 .MainControl dataBase Taroko connect success, timeOut[2min]
19/07/26 02:09:55 INFO  >  02 .Connect DB OK 
19/07/26 02:09:55 INFO  > 0000 03 Mktp6255.ENDED TIME : 0.009

19/07/26 02:09:56 INFO  >  01 .MainControl dataBase Taroko connect success, timeOut[2min]
19/07/26 02:09:56 INFO  >  02 .Connect DB OK 
19/07/26 02:09:56 INFO  > 0000 03 Mktp6270.ENDED TIME : 0.031

19/07/26 02:09:56 INFO  >  01 .MainControl dataBase Taroko connect success, timeOut[2min]
19/07/26 02:09:56 INFO  >  02 .Connect DB OK 
19/07/26 02:09:56 INFO  > 0000 03 Mktp6270.ENDED TIME : 0.024

19/07/26 02:09:58 INFO  >  01 .MainControl dataBase Taroko connect success, timeOut[2min]
19/07/26 02:09:58 INFO  >  02 .Connect DB OK 
19/07/26 02:09:58 INFO  > 0000 03 Mktr0025.ENDED TIME : 0.027

19/07/26 02:09:58 INFO  >  01 .MainControl dataBase Taroko connect success, timeOut[2min]
19/07/26 02:09:58 INFO  >  02 .Connect DB OK 
19/07/26 02:09:58 INFO  > 0000 03 Mktr0025.ENDED TIME : 0.008

19/07/26 02:10:02 INFO  >  01 .MainControl dataBase Taroko connect success, timeOut[2min]
19/07/26 02:10:02 INFO  >  02 .Connect DB OK 
19/07/26 02:10:02 INFO  > 0000 03 Mktp6200.ENDED TIME : 0.035

19/07/26 02:10:02 INFO  >  01 .MainControl dataBase Taroko connect success, timeOut[2min]
19/07/26 02:10:02 INFO  >  02 .Connect DB OK 
19/07/26 02:10:02 INFO  > 0000 03 Mktp6200.ENDED TIME : 0.004

19/07/26 02:10:04 INFO  >  01 .MainControl dataBase Taroko connect success, timeOut[2min]
19/07/26 02:10:04 INFO  >  02 .Connect DB OK 
19/07/26 02:10:04 INFO  > 0000 03 Mktp6220.ENDED TIME : 0.028

19/07/26 02:10:04 INFO  >  01 .MainControl dataBase Taroko connect success, timeOut[2min]
19/07/26 02:10:04 INFO  >  02 .Connect DB OK 
19/07/26 02:10:04 INFO  > 0000 03 Mktp6220.ENDED TIME : 0.019

19/07/26 02:10:05 INFO  >  01 .MainControl dataBase Taroko connect success, timeOut[2min]
19/07/26 02:10:05 INFO  >  02 .Connect DB OK 
19/07/26 02:10:05 DEBUG > 0000 03 Mktp6220.select PTR_FUNDP_T A  started
19/07/26 02:10:05 INFO  > 0000 04 Mktp6220.0000 >>>>>SELECT  hex(a.rowid) as rowid, nvl(a.mod_seqno,0) as mod_seqno, a.aud_type,a.fund_code,a.fund_name,a.tran_base,a.fund_crt_date_s,a.fund_crt_date_e,a.crt_date,a.crt_user FROM ptr_fundp_t a  WHERE 1=1    order by fund_code limit 0 , 20
19/07/26 02:10:05 WARN  > 0000 05 Mktp6220.NOT FOUND : select ptr_fundp_t a  WHERE 1=1    order by fund_code 
19/07/26 02:10:05 INFO  > 0000 06 Mktp6220.ENDED TIME : 0.016

19/07/26 02:10:07 INFO  >  01 .MainControl dataBase Taroko connect success, timeOut[2min]
19/07/26 02:10:07 INFO  >  02 .Connect DB OK 
19/07/26 02:10:07 INFO  > 0000 03 Mktp4090.ENDED TIME : 0.032

19/07/26 02:10:07 INFO  >  01 .MainControl dataBase Taroko connect success, timeOut[2min]
19/07/26 02:10:07 INFO  >  02 .Connect DB OK 
19/07/26 02:10:07 INFO  > 0000 03 Mktp4090.ENDED TIME : 0.006

19/07/26 02:10:09 INFO  >  01 .MainControl dataBase Taroko connect success, timeOut[2min]
19/07/26 02:10:09 INFO  >  02 .Connect DB OK 
19/07/26 02:10:09 DEBUG > 0000 03 Mktp4090.select  PTR_REDEEM_T  started
19/07/26 02:10:09 INFO  > 0000 04 Mktp4090.0000 >>>>>SELECT  hex(rowid) as rowid, rdm_mchtno,  rdm_seqno,  rdm_strdate,  rdm_enddate,  rdm_destamt,  rdm_discrate,  rdm_discamt,  rdm_unitpoint,  rdm_unitamt,  rdm_binflag,  crt_user,  crt_date,  apr_user,  apr_date,  mod_user,  mod_time,  mod_pgm,  mod_seqno,  mod_audcode,  crt_no,  rdm_discratefg  FROM  ptr_redeem_t   where 1=1    
19/07/26 02:10:09 WARN  > 0000 05 Mktp4090.NOT FOUND : select  ptr_redeem_t   where 1=1     
19/07/26 02:10:09 INFO  > 0000 06 Mktp4090.ENDED TIME : 0.013

19/07/26 02:10:13 INFO  >  01 .MainControl dataBase Taroko connect success, timeOut[2min]
19/07/26 02:10:13 INFO  >  02 .Connect DB OK 
19/07/26 02:10:13 INFO  > 0000 03 Rptm0020.ENDED TIME : 0.031

19/07/26 02:10:13 INFO  >  01 .MainControl dataBase Taroko connect success, timeOut[2min]
19/07/26 02:10:13 INFO  >  02 .Connect DB OK 
19/07/26 02:10:13 INFO  > 0000 03 Rptm0020.ENDED TIME : 0.053

19/07/26 02:10:16 INFO  >  01 .MainControl dataBase Taroko connect success, timeOut[2min]
19/07/26 02:10:16 INFO  >  02 .Connect DB OK 
19/07/26 02:10:16 INFO  > 0000 03 Rptm0020.ENDED TIME : 0.007

19/07/26 02:10:19 INFO  >  01 .MainControl dataBase Taroko connect success, timeOut[2min]
19/07/26 02:10:19 INFO  >  02 .Connect DB OK 
19/07/26 02:10:19 INFO  > 0000 03 Mktr2210.ENDED TIME : 0.048

19/07/26 02:10:19 INFO  >  01 .MainControl dataBase Taroko connect success, timeOut[2min]
19/07/26 02:10:19 INFO  >  02 .Connect DB OK 
19/07/26 02:10:19 INFO  > 0000 03 Mktr2210.ENDED TIME : 0.017

19/07/26 02:10:26 INFO  >  01 .MainControl dataBase Taroko connect success, timeOut[2min]
19/07/26 02:10:26 INFO  >  02 .Connect DB OK 
19/07/26 02:10:26 DEBUG > 0000 03 TarokoApplControl.logout started
19/07/26 02:10:26 INFO  > 0000 04 TarokoApplControl.ENDED TIME : 0.004

19/07/26 03:26:09 INFO  >  01 .MainControl dataBase Taroko connect success, timeOut[2min]
19/07/26 03:26:09 INFO  >  02 .Connect DB OK 
19/07/26 03:26:09 DEBUG >  03 EcsLogin.showScreen started
19/07/26 03:26:09 DEBUG >  04 EcsLogin.showScreen ended
19/07/26 03:26:09 WARN  >  05 EcsLogin.EcsLogin.TRANS-TOTAL DURATION TIME : 31.857 SECONDS 
19/07/26 03:26:09 WARN  >  06 EcsLogin.Active TOO-LONG :  
19/07/26 03:26:09 INFO  >  07 EcsLogin.ENDED TIME : 31.857

19/07/26 03:26:14 INFO  >  01 .MainControl dataBase Taroko connect success, timeOut[2min]
19/07/26 03:26:14 INFO  >  02 .Connect DB OK 
19/07/26 03:26:14 DEBUG > mega_mainTree:started..menuData=
19/07/26 03:26:14 DEBUG > 0000 04 EcsLogin.mega_initTree started
19/07/26 03:26:14 DEBUG > 0000 05 EcsLogin.select  started
19/07/26 03:26:14 WARN  > 0000 06 EcsLogin.NOT FOUND : select    
19/07/26 03:26:14 INFO  > 0000 07 EcsLogin.ENDED TIME : 0.4

19/07/26 03:26:14 INFO  >  01 .MainControl dataBase Taroko connect success, timeOut[2min]
19/07/26 03:26:14 INFO  >  02 .Connect DB OK 
19/07/26 03:26:14 DEBUG > 0000 03 EcsLogin.selectUserData started
19/07/26 03:26:14 INFO  >  01 .MainControl dataBase Taroko connect success, timeOut[2min]
19/07/26 03:26:14 INFO  >  02 .Connect DB OK 
19/07/26 03:26:14 DEBUG > 0000 03 EcsLogin.firstLink started
19/07/26 03:26:14 DEBUG > 0000 04 EcsLogin.firstLink ended
19/07/26 03:26:14 INFO  > 0000 05 EcsLogin.ENDED TIME : 0.07

19/07/26 03:26:14 INFO  >  01 .MainControl dataBase Taroko connect success, timeOut[2min]
19/07/26 03:26:14 INFO  >  02 .Connect DB OK 
19/07/26 03:26:14 DEBUG > 0000 03 EcsLogin.showScreen started
19/07/26 03:26:14 DEBUG > 0000 04 EcsLogin.showScreen ended
19/07/26 03:26:14 INFO  > 0000 05 EcsLogin.ENDED TIME : 0.022

19/07/26 03:26:15 INFO  > 0000 04 EcsLogin.ENDED TIME : 0.457

19/07/26 03:26:16 INFO  >  01 .MainControl dataBase Taroko connect success, timeOut[2min]
19/07/26 03:26:16 INFO  >  02 .Connect DB OK 
19/07/26 03:26:17 INFO  > 0000 03 Ccam1020.ENDED TIME : 0.523

19/07/26 03:26:17 INFO  >  01 .MainControl dataBase Taroko connect success, timeOut[2min]
19/07/26 03:26:17 INFO  >  02 .Connect DB OK 
19/07/26 03:26:17 INFO  > 0000 03 Ccam1020.ENDED TIME : 0.062

19/07/26 03:26:22 INFO  >  01 .MainControl dataBase Taroko connect success, timeOut[2min]
19/07/26 03:26:22 INFO  >  02 .Connect DB OK 
19/07/26 03:26:22 INFO  > 0000 03 Ptrm0030.ENDED TIME : 0.181

19/07/26 03:26:22 INFO  >  01 .MainControl dataBase Taroko connect success, timeOut[2min]
19/07/26 03:26:22 INFO  >  02 .Connect DB OK 
19/07/26 03:26:22 INFO  > 0000 03 Ptrm0030.ENDED TIME : 0.052

19/07/26 03:26:25 INFO  >  01 .MainControl dataBase Taroko connect success, timeOut[2min]
19/07/26 03:26:25 INFO  >  02 .Connect DB OK 
19/07/26 03:26:25 DEBUG > 0000 03 Ptrm0030.select PTR_PAYMENT started
19/07/26 03:26:25 INFO  > 0000 04 Ptrm0030.0000 >>>>>SELECT payment_type, chi_name,bill_desc, pay_note,  fund_flag,  bill_flag  FROM ptr_payment  where 1=1  order by payment_type  limit 0 , 20
19/07/26 03:26:25 INFO  > 0000 05 Ptrm0030.ENDED TIME : 0.065

19/07/26 03:26:25 INFO  >  01 .MainControl dataBase Taroko connect success, timeOut[2min]
19/07/26 03:26:25 INFO  >  02 .Connect DB OK 
19/07/26 03:26:25 INFO  > 0000 03 Ptrm0030.0000 >>>>>SELECT hex(rowid) as rowid, mod_seqno, payment_type,   chi_name, bill_desc, pay_note,bill_flag,fund_flag,crt_date,crt_user,mod_user, to_char(mod_time,'yyyymmdd') as mod_date  FROM ptr_payment  where 1=1 and payment_type = '0006'
19/07/26 03:26:26 INFO  > 0000 04 Ptrm0030.ENDED TIME : 0.058

19/07/26 03:41:16 INFO  >  01 .MainControl dataBase Taroko connect success, timeOut[2min]
19/07/26 03:41:16 INFO  >  02 .Connect DB OK 
19/07/26 03:41:16 DEBUG >  03 EcsLogin.showScreen started
19/07/26 03:41:16 DEBUG >  04 EcsLogin.showScreen ended
19/07/26 03:41:16 INFO  >  05 EcsLogin.ENDED TIME : 0.011

19/07/26 03:41:22 INFO  >  01 .MainControl dataBase Taroko connect success, timeOut[2min]
19/07/26 03:41:22 INFO  >  02 .Connect DB OK 
19/07/26 03:41:22 DEBUG > mega_mainTree:started..menuData=
19/07/26 03:41:22 DEBUG > 0000 04 EcsLogin.mega_initTree started
19/07/26 03:41:22 DEBUG > 0000 05 EcsLogin.select  started
19/07/26 03:41:22 WARN  > 0000 06 EcsLogin.NOT FOUND : select    
19/07/26 03:41:22 INFO  > 0000 07 EcsLogin.ENDED TIME : 0.04

19/07/26 03:41:22 INFO  >  01 .MainControl dataBase Taroko connect success, timeOut[2min]
19/07/26 03:41:22 INFO  >  02 .Connect DB OK 
19/07/26 03:41:22 DEBUG > 0000 03 EcsLogin.selectUserData started
19/07/26 03:41:22 INFO  >  01 .MainControl dataBase Taroko connect success, timeOut[2min]
19/07/26 03:41:22 INFO  >  02 .Connect DB OK 
19/07/26 03:41:22 DEBUG > 0000 03 EcsLogin.firstLink started
19/07/26 03:41:22 DEBUG > 0000 04 EcsLogin.firstLink ended
19/07/26 03:41:22 INFO  > 0000 05 EcsLogin.ENDED TIME : 0.006

19/07/26 03:41:22 INFO  >  01 .MainControl dataBase Taroko connect success, timeOut[2min]
19/07/26 03:41:22 INFO  >  02 .Connect DB OK 
19/07/26 03:41:22 DEBUG > 0000 03 EcsLogin.showScreen started
19/07/26 03:41:22 DEBUG > 0000 04 EcsLogin.showScreen ended
19/07/26 03:41:22 INFO  > 0000 05 EcsLogin.ENDED TIME : 0.009

19/07/26 03:41:22 INFO  > 0000 04 EcsLogin.ENDED TIME : 0.139

19/07/26 03:41:27 INFO  >  01 .MainControl dataBase Taroko connect success, timeOut[2min]
19/07/26 03:41:27 INFO  >  02 .Connect DB OK 
19/07/26 03:41:27 DEBUG > 0000 03 TarokoApplControl.logout started
19/07/26 03:41:27 INFO  > 0000 04 TarokoApplControl.ENDED TIME : 0.021

19/07/26 03:41:28 INFO  >  01 .MainControl dataBase Taroko connect success, timeOut[2min]
19/07/26 03:41:28 INFO  >  02 .Connect DB OK 
19/07/26 03:41:28 DEBUG >  03 EcsLogin.showScreen started
19/07/26 03:41:28 DEBUG >  04 EcsLogin.showScreen ended
19/07/26 03:41:28 INFO  >  05 EcsLogin.ENDED TIME : 0.01

19/07/26 03:44:41 INFO  >  01 .MainControl dataBase Taroko connect success, timeOut[2min]
19/07/26 03:44:41 INFO  >  02 .Connect DB OK 
19/07/26 03:44:41 DEBUG > mega_mainTree:started..menuData=
19/07/26 03:44:41 DEBUG > 0000 04 EcsLogin.mega_initTree started
19/07/26 03:44:41 DEBUG > 0000 05 EcsLogin.select  started
19/07/26 03:44:41 WARN  > 0000 06 EcsLogin.NOT FOUND : select    
19/07/26 03:44:41 INFO  > 0000 07 EcsLogin.ENDED TIME : 0.04

19/07/26 03:44:41 INFO  >  01 .MainControl dataBase Taroko connect success, timeOut[2min]
19/07/26 03:44:41 INFO  >  02 .Connect DB OK 
19/07/26 03:44:41 DEBUG > 0000 03 EcsLogin.selectUserData started
19/07/26 03:44:41 INFO  >  01 .MainControl dataBase Taroko connect success, timeOut[2min]
19/07/26 03:44:41 INFO  >  02 .Connect DB OK 
19/07/26 03:44:41 DEBUG > 0000 03 EcsLogin.firstLink started
19/07/26 03:44:41 DEBUG > 0000 04 EcsLogin.firstLink ended
19/07/26 03:44:41 INFO  > 0000 05 EcsLogin.ENDED TIME : 0.009

19/07/26 03:44:41 INFO  >  01 .MainControl dataBase Taroko connect success, timeOut[2min]
19/07/26 03:44:41 INFO  >  02 .Connect DB OK 
19/07/26 03:44:41 DEBUG > 0000 03 EcsLogin.showScreen started
19/07/26 03:44:41 DEBUG > 0000 04 EcsLogin.showScreen ended
19/07/26 03:44:41 INFO  > 0000 05 EcsLogin.ENDED TIME : 0.01

19/07/26 03:44:41 INFO  > 0000 04 EcsLogin.ENDED TIME : 0.144

19/07/26 03:44:53 INFO  >  01 .MainControl dataBase Taroko connect success, timeOut[2min]
19/07/26 03:44:53 INFO  >  02 .Connect DB OK 
19/07/26 03:44:53 INFO  > 0000 03 Ptrm0550.ENDED TIME : 0.112

19/07/26 03:44:53 INFO  >  01 .MainControl dataBase Taroko connect success, timeOut[2min]
19/07/26 03:44:53 INFO  >  02 .Connect DB OK 
19/07/26 03:44:53 INFO  > 0000 03 Ptrm0550.ENDED TIME : 0.013

19/07/26 03:44:54 INFO  >  01 .MainControl dataBase Taroko connect success, timeOut[2min]
19/07/26 03:44:54 INFO  >  02 .Connect DB OK 
19/07/26 03:44:54 DEBUG > 0000 03 Ptrm0550.select CRD_MESSAGE started
19/07/26 03:44:54 INFO  > 0000 04 Ptrm0550.0000 >>>>>SELECT  msg_value , map_value , msg , crt_date , crt_user , apr_date , apr_user  FROM crd_message  where 1=1 and msg_type = 'BUS_CODE' limit 0 , 20
19/07/26 03:44:54 INFO  > 0000 05 Ptrm0550.ENDED TIME : 0.059

19/07/26 03:48:16 INFO  >  01 .MainControl dataBase Taroko connect success, timeOut[2min]
19/07/26 03:48:16 INFO  >  02 .Connect DB OK 
19/07/26 03:48:16 INFO  > 0000 03 Ptrm0550.ENDED TIME : 0.021

19/07/26 03:48:22 INFO  >  01 .MainControl dataBase Taroko connect success, timeOut[2min]
19/07/26 03:48:22 INFO  >  02 .Connect DB OK 
19/07/26 03:48:22 INFO  > 0000 03 Ptrm0650.ENDED TIME : 0.148

19/07/26 03:48:22 INFO  >  01 .MainControl dataBase Taroko connect success, timeOut[2min]
19/07/26 03:48:22 INFO  >  02 .Connect DB OK 
19/07/26 03:48:22 INFO  > 0000 03 Ptrm0650.ENDED TIME : 0.014

19/07/26 03:48:24 INFO  >  01 .MainControl dataBase Taroko connect success, timeOut[2min]
19/07/26 03:48:24 INFO  >  02 .Connect DB OK 
19/07/26 03:48:24 INFO  > 0000 03 Ptrm0150.ENDED TIME : 0.11

19/07/26 03:48:24 INFO  >  01 .MainControl dataBase Taroko connect success, timeOut[2min]
19/07/26 03:48:24 INFO  >  02 .Connect DB OK 
19/07/26 03:48:24 INFO  > 0000 03 Ptrm0150.ENDED TIME : 0.02

19/07/26 03:48:26 INFO  >  01 .MainControl dataBase Taroko connect success, timeOut[2min]
19/07/26 03:48:26 INFO  >  02 .Connect DB OK 
19/07/26 03:48:26 DEBUG > 0000 03 Ptrm0150.select PTR_ACTCODE started
19/07/26 03:48:26 INFO  > 0000 04 Ptrm0150.0000 >>>>>SELECT acct_code, chi_long_name,eng_long_name, mod_user,to_char(mod_time,'yyyymmdd') as mod_date, acct_code_flag  FROM ptr_actcode  where 1=1  order by acct_code  limit 0 , 20
19/07/26 03:48:26 INFO  > 0000 05 Ptrm0150.ENDED TIME : 0.17

19/07/26 03:49:00 INFO  >  01 .MainControl dataBase Taroko connect success, timeOut[2min]
19/07/26 03:49:00 INFO  >  02 .Connect DB OK 
19/07/26 03:49:01 INFO  > 0000 03 Ccam5090.ENDED TIME : 0.106

19/07/26 03:49:01 INFO  >  01 .MainControl dataBase Taroko connect success, timeOut[2min]
19/07/26 03:49:01 INFO  >  02 .Connect DB OK 
19/07/26 03:49:01 INFO  > 0000 03 Ccam5090.ENDED TIME : 0.021

19/07/26 03:49:02 INFO  >  01 .MainControl dataBase Taroko connect success, timeOut[2min]
19/07/26 03:49:02 INFO  >  02 .Connect DB OK 
19/07/26 03:49:02 DEBUG > 0000 03 Ccam5090.select CCA_RESP_CODE started
19/07/26 03:49:02 INFO  > 0000 04 Ccam5090.0000 >>>>>SELECT  resp_code	, resp_remark , nccc_p38 , nccc_p39 , resp_status , visa_p39 , mast_p39 , jcb_p39 , abnorm_flag , mod_user , to_char(mod_time,'yyyymmdd') as mod_date ,  crt_date ,  crt_user  FROM cca_resp_code where 1=1  order by resp_code limit 0 , 20
19/07/26 03:49:02 INFO  > 0000 05 Ccam5090.ENDED TIME : 0.153

19/07/26 03:49:10 INFO  >  01 .MainControl dataBase Taroko connect success, timeOut[2min]
19/07/26 03:49:10 INFO  >  02 .Connect DB OK 
19/07/26 03:49:10 DEBUG > 0000 03 Ccam5090.select CCA_RESP_CODE started
19/07/26 03:49:10 INFO  > 0000 04 Ccam5090.0000 >>>>>SELECT  resp_code	, resp_remark , nccc_p38 , nccc_p39 , resp_status , visa_p39 , mast_p39 , jcb_p39 , abnorm_flag , mod_user , to_char(mod_time,'yyyymmdd') as mod_date ,  crt_date ,  crt_user  FROM cca_resp_code where 1=1  order by resp_code limit 20 , 20
19/07/26 03:49:11 INFO  > 0000 05 Ccam5090.ENDED TIME : 0.048

19/07/26 03:49:18 INFO  >  01 .MainControl dataBase Taroko connect success, timeOut[2min]
19/07/26 03:49:18 INFO  >  02 .Connect DB OK 
19/07/26 03:49:18 DEBUG > 0000 03 Ccam5090.select CCA_RESP_CODE started
19/07/26 03:49:18 INFO  > 0000 04 Ccam5090.0000 >>>>>SELECT  resp_code	, resp_remark , nccc_p38 , nccc_p39 , resp_status , visa_p39 , mast_p39 , jcb_p39 , abnorm_flag , mod_user , to_char(mod_time,'yyyymmdd') as mod_date ,  crt_date ,  crt_user  FROM cca_resp_code where 1=1  order by resp_code limit 40 , 20
19/07/26 03:49:18 INFO  > 0000 05 Ccam5090.ENDED TIME : 0.051

19/07/26 03:49:23 INFO  >  01 .MainControl dataBase Taroko connect success, timeOut[2min]
19/07/26 03:49:23 INFO  >  02 .Connect DB OK 
19/07/26 03:49:23 DEBUG > 0000 03 Ccam5090.select CCA_RESP_CODE started
19/07/26 03:49:23 INFO  > 0000 04 Ccam5090.0000 >>>>>SELECT  resp_code	, resp_remark , nccc_p38 , nccc_p39 , resp_status , visa_p39 , mast_p39 , jcb_p39 , abnorm_flag , mod_user , to_char(mod_time,'yyyymmdd') as mod_date ,  crt_date ,  crt_user  FROM cca_resp_code where 1=1  order by resp_code limit 60 , 20
19/07/26 03:49:23 INFO  > 0000 05 Ccam5090.ENDED TIME : 0.034

19/07/26 03:49:31 INFO  >  01 .MainControl dataBase Taroko connect success, timeOut[2min]
19/07/26 03:49:31 INFO  >  02 .Connect DB OK 
19/07/26 03:49:31 DEBUG > 0000 03 Ccam5090.select CCA_RESP_CODE started
19/07/26 03:49:31 INFO  > 0000 04 Ccam5090.0000 >>>>>SELECT  resp_code	, resp_remark , nccc_p38 , nccc_p39 , resp_status , visa_p39 , mast_p39 , jcb_p39 , abnorm_flag , mod_user , to_char(mod_time,'yyyymmdd') as mod_date ,  crt_date ,  crt_user  FROM cca_resp_code where 1=1  order by resp_code limit 80 , 20
19/07/26 03:49:31 INFO  > 0000 05 Ccam5090.ENDED TIME : 0.036

19/07/26 03:51:59 INFO  >  01 .MainControl dataBase Taroko connect success, timeOut[2min]
19/07/26 03:51:59 INFO  >  02 .Connect DB OK 
19/07/26 03:51:59 DEBUG >  03 EcsLogin.showScreen started
19/07/26 03:51:59 DEBUG >  04 EcsLogin.showScreen ended
19/07/26 03:51:59 INFO  >  05 EcsLogin.ENDED TIME : 0.02

19/07/26 03:52:07 INFO  >  01 .MainControl dataBase Taroko connect success, timeOut[2min]
19/07/26 03:52:07 INFO  >  02 .Connect DB OK 
19/07/26 03:52:07 DEBUG > mega_mainTree:started..menuData=
19/07/26 03:52:07 DEBUG > 0000 04 EcsLogin.mega_initTree started
19/07/26 03:52:07 DEBUG > 0000 05 EcsLogin.select  started
19/07/26 03:52:07 WARN  > 0000 06 EcsLogin.NOT FOUND : select    
19/07/26 03:52:07 INFO  > 0000 07 EcsLogin.ENDED TIME : 0.026

19/07/26 03:52:08 INFO  >  01 .MainControl dataBase Taroko connect success, timeOut[2min]
19/07/26 03:52:08 INFO  >  02 .Connect DB OK 
19/07/26 03:52:08 DEBUG > 0000 03 EcsLogin.selectUserData started
19/07/26 03:52:08 INFO  > 0000 04 EcsLogin.ENDED TIME : 0.13

19/07/26 03:52:08 INFO  >  01 .MainControl dataBase Taroko connect success, timeOut[2min]
19/07/26 03:52:08 INFO  >  02 .Connect DB OK 
19/07/26 03:52:08 DEBUG > 0000 03 EcsLogin.firstLink started
19/07/26 03:52:08 DEBUG > 0000 04 EcsLogin.firstLink ended
19/07/26 03:52:08 INFO  > 0000 05 EcsLogin.ENDED TIME : 0.006

19/07/26 03:52:09 INFO  >  01 .MainControl dataBase Taroko connect success, timeOut[2min]
19/07/26 03:52:09 INFO  >  02 .Connect DB OK 
19/07/26 03:52:09 DEBUG > 0000 03 EcsLogin.showScreen started
19/07/26 03:52:09 DEBUG > 0000 04 EcsLogin.showScreen ended
19/07/26 03:52:09 INFO  > 0000 05 EcsLogin.ENDED TIME : 0.018

19/07/26 03:57:09 INFO  >  01 .MainControl dataBase Taroko connect success, timeOut[2min]
19/07/26 03:57:09 INFO  >  02 .Connect DB OK 
19/07/26 03:57:09 INFO  > 0000 03 Ptrm0040.ENDED TIME : 0.086

19/07/26 03:57:10 INFO  >  01 .MainControl dataBase Taroko connect success, timeOut[2min]
19/07/26 03:57:10 INFO  >  02 .Connect DB OK 
19/07/26 03:57:10 INFO  > 0000 03 Ptrm0040.ENDED TIME : 0.073

19/07/26 03:57:12 INFO  >  01 .MainControl dataBase Taroko connect success, timeOut[2min]
19/07/26 03:57:12 INFO  >  02 .Connect DB OK 
19/07/26 03:57:12 INFO  > 0000 03 Ptrm0040.ENDED TIME : 0.031

